500
0 5962 5775 2437 7320 7044 8386 2752 6061 730 9425 1110 2409 676 7607 9609 2382 8124 6476 6048 3715 7452 4015 3214 3736 9481 6472 2236 7108
1 9139 7120 8470 847 2349 4151 8235 88 1868 4988 2902 8987 5462 4378 1770 3607 5434 6338 7056 2753 3231 8918 9115 9080 3255 9831 6867 1332 2476 9094 3562 503 33 9798
3 7296 7001 2060 2927 9965 7419 1465 5946 7579 1916 5742 2696 1363 2782 8329 6656 1231 1098 1873 6221 1103 8595 7906
4 2013 6467 2699 4948 8104 4647 1505 6261 8245 2161 6525 9878 2866 1835 7351 1281 1633 9721 3540 9861 6370 8578 5240 5564 5164 928 5113
7 7575 8116 1571 2983 9518 2600 2897 7833 6681 8726 8040 7167 993 7664 7221 6898 3942 697 2783 5333 5910 7399 2512 6701 1606 6225 4092 4188 7239 2097 3227 7045 6412
8 5783 3113 8487 1642 1153 5198 865 8780 8985 455 5228 654 7829 3307 5982 1301 6459 6919 1084 8279 6154 8403 6124 8530
12 4362 2533 6270 2109 518 5090 3757 8220 5509 5467 5085 8060 4658 1141 5655 2917 3128 6984 5632 3355 571 9324 8719 5479 1609 7679 7444
13 1105 3103 7355 951 496 2019 3665 1962 5211 2613 6955 4951 210 1937 7447 9368 1930 1272 253 150 6018 5271 8391 7991 25
14 3006 2136 7790 991 6675 9551 4356 1607 6748 405 9775 1248 2676 917 1852 6729 700 1535 5260 4972 5407 3178 1651 8478 6282 933 6787 4983 304 7831
15 935 7732 1343 7782 5451 6281 2182 3427 3061 560 1430 4907 8233 3343 7163 3545 9259 930 2910 254 6610 6130 9652 7984 7896 9376 5992 7772 8859 1523 513 2526 836 5061 6768 2326 945 1156 4945 6587
17 6030 5175 6797 6347 2232 8109 7622 5907 9719 2149 5373 7431 2088 39 1335 1075 4013 9338 4710 9912 9194 4836 3291
18 6744 4463 7698 9703 3268 5224 3814 4596 3811 8031 1793 2806 5863 6566 4727 9087 6954 9152 5343 7000 4733 6040 7395
19 7669 5885 3784 3944 9758 4520 798 8589 157 5060 666 5861 3705 9986 9874 6795 7767 1092 8181 9397 6110
21 1668 9834 6161 5341 4400 8922 7105 5821 9465 8439 2760 2183 5492 3104 3053 7213 1396 6464 1580 6400 4692 3013 1583 1839 6374 5301 1414 5065 8362 1009 5995 1077 2465 2168 8583 7191 5897 9605 1978 2266
23 9160 3602 6280 2595 7919 5295 2123 9293 2002 7146 8681 365 2771 4916 4397 2112 8340 4834 6743 4937 7054 9805 7989 5842 3948 6038
24 9464 9032 3961 673 7521 6236 2383 9337 9982 8628 5523 3048 3935 4730 2344 465 1259 2071 5178 5534 6617 5536 8177 2358 4975 7090 8594
25 9533 3584 2790 7864 6621 1647 6503 9800 9583 354 3297 8455 3798 394 7802 2552 6105 5855 499 4858 4347 6774 2884 4666 4687
26 3836 3728 3575 2855 6532 9311 7970 7643 7353 6365 8852 2657 3457 3872 5303 5787 9093 1797
28 3163 9852 7902 2858 9178 3914 3043 3304 7289 4965 937 557 6292 4784 6739 1736 3491 7733 2652 5501 8570 2292 3681 834 1917 4709 3666 4178 4844 9522 4486 463 3219 9109 2164 5126 2008 6666
29 2422 139 399 444 3463 759 5925 9807 2603 4823 9957 9871 1749 102 6438 1209 9505 7006 7979 6977 178 8052 3167 5578 474
30 3612 3699 5875 1624 7099 9233 6059 3494 1876 7849 5973 1307 2373 5637 347 6573
31 4020 6458 8259 1515 4893 3723 3801 4636 9144 6421 5109 7092 3110 5581 462 3149 4236 6825 591 6905 3096 5438 9835
32 4985 8671 3232 325 5239 4661 3498 4567 3651 8776 7904 815 1845 8465 7323 1086 8870 9271 5409 733 5108 2101 6736 9832 3549 2072
34 3077 4501 7333 1799 133 8908 4056 4450 4719 6829 7477 1869 2392 2191 6604 1574 8234 2604 151 2115 8286 1478 3683 2965 751 8659 3831
36 7806 4928 2171 7126 1923 709 6046 8836 8377 1889 7068 9409 7822 9133 8333 1255 2452 882 7075 4193 1682 9367 7356 9676 4358
37 2327 5006 3964 9777 9822 9640 3870 857 7744 5408 5676 8562 6184 8784 8905 8231 8071 5318 7155 7071 9732 8977 7258 7716
38 6285 7077 8601 6385 6473 5368 4271 1026 3756 7626 1952 1090 5338 1201 9793 8402 5685
39 1534 4765 5862 9299 3261 7266 7751 6712 6216 3958 6226 2074 3119 4717 7304 7740 6305 4232 6198 8030 660 8874 4277 1219 3576 1959 271 6367 4704 4393 9681 7554 308
40 1238 1670 3022 1613 3454 4414 8978 3238 9055 5117 9751 873 8097 1623 81 9969 9538 8573 9048 8452 1966 2872 4743 2809
41 9224 2666 7874 2847 1734 6071 8375 7423 5794 1721 9712 3762 58 1841 1241 554 4327 5162 6213 4774 9102 8148 2116 2105
42 3509 538 2464 3403 5192 2411 1373 6193 7504 2930 2157 2467 389 4812 9077
43 6327 7852 838 9677 9829 131 5979 3265 5257 4816 7978 3441 1481 5743 8768 6881 8617 29
44 6967 1739 5948 3706 6359 2125 5604 4159 517 4464 2542 4029 2431 1874 6497 6964 1311 1864 3860 9840
45 8841 1216 476 2209 7568 3047 4068 9579 5277 4670 4622 4429 3588 3718 4342 7060 9887 18 1112 786 4583 4963 8151 5894 4548 5370 4334
46 1871 5752 2979 4912 332 6734 3005 8990 3493 3865 9206 4224 7244 2070 441 8586 4813 8555 2179 3807 8494 5906
47 2475 2260 6486 3582 2107 296 2516 8529 8400 7406 291 446 3235 1061 7033 2558 7805
48 1750 4437 8344 6074 7570 7335 2871 8441 3072 1387 5416 8361 3233 4546 5670 6389 7678 1309 5180 1461 598 2529
49 4624 8462 1934 4941 5088 4214 5609 4212 9901 7537 6651 613 4939 2474 7585 3976 7616 7059 5558 3485 324 7309 7808
50 6778 8269 6982 8687 6903 8934 3117 5768 8223 2302 9667 8770 4898 502 592 2077 7472 2660 4510 9638 7530 451
51 6613 7992 2085 5149 9191 2589 896 9654 1305 1085 1628 2113 1439 130 8392 1354 8838 7253 9305 1315 6728 5557 5732 6992 4493 9044 4906
52 6938 6021 5322 9731 2304 6980 782 1066 7755 3821 82 6880 3956 6925 8114 2199 260 234 2717 4177 6456 2254 7903
54 6049 3703 9836 3731 4507 5589 742 9316 9711 5440 6516 5839 8242 9535 2205 28 929 6892 5985
57 3521 155 1981 5043 7473 5615 281 4211 5734 5969 3661 8964 4219 5119 5242 2124 4312
58 7949 7 776 3326 6137 4086 2730 2677 1661 3497 8734 5334 3524 9610 4237 4453 725 3565
59 4967 200 6028 2000 7912 4766 9315 6230 7261 1041 8263 4737 6999 5124 8752 8715 8981 9558 9202 7813
60 369 443 4234 850 7162 4343 8756 6833 456 4346 2247 3275 7965 6123 8087 646 4284 1775 6086 1346 1595 2214 7443
61 3783 6875 2900 46 90 9704 1826 6418 5687 6112 53 1185 4293 7262 5444 2827 6241 8036
62 1353 761 3950 7178 8102 4420 1794 6381 9317 4087 8889 2320 34 8302 9388 5478 6047 4935
63 4352 3468 8251 6798 8614 4043 2640 273 7008 7826 3259 2456 555 3391 3550 4534 1455 6125 6939
64 5507 6608 8484 2611 9114 7026 3354 8891 1531 708 9710 4173 6975 9657 5110 7632 8119 7800 21 8200
65 5053 1546 6771 3453 4104 7457 6144 6539 8582 9400 5621 5223 8360 779 7860 4209 4136 9274
67 4909 9290 3393 340 7037 7467 6863 9697 9633 3802 7372 5142 6346 602 8247 4152 4309 8547
68 7736 5677 6672 2630 8105 8599 1137 8414 9273 5095 2938 4081 4966 4977 4080 4847 5638 3244 8337 5728 9391 6248 8519 1806 8230 6543 9344
69 8134 3753 7085 2485 4517 3195 9169 9238 622 3603 8684 7350 4984 8572 3314 9124 9734 5738 4796 9186 3129 1400 51
70 3894 4367 5349 3505 8363 2444 1183 4039 4379 1457 7173 1586 7855 6530 3648 1911 8624 662 6847
71 8431 9197 8209 1560 6095 8887 9211 9330 3704 2764 585 8932 2863 286 793 255 6417 1471 299 6623 4878 9416 2466 7170 2432 1489
72 9842 9270 6014 311 76 2322 5029 8325 3823 5698 4879 3173 1032 9803 2879 6670 5836 5735 7400 4551 67 983 5399 3035 2227
74 4786 4457 8775 9892 6499 478 8358 164 1569 5923 8243 6809 7433 1376 3152 9877 2065 8438
75 5064 9086 221 5580 5826 8579 6415 6188 8309 8885 8748 9323 1297 6298 6673 4667 752 505 9096 1619 4307 9252 3689 6759
76 5762 9848 1763 2650 7367 4091 1542 4528 6445 5234 9031 910 4252 5555 7476 6622 6718 366 3120 609 9296 674 728 5622 4002 5186
77 183 8830 7200 9713 5397 2617 6387 3405 3465 8014 3909 8698 3755 2885 3222 9433 8028 8959 7432 417 985 4300 3267 804 5929
78 8130 9600 7895 6469 8986 4294 3049 1702 2978 5465 8822 6163 7004 487 8103 5505 3818 8853 3875 8421 8469
79 6765 1140 3434 2057 2342 3352 3863 2846 310 5218 729 379 8810 8338 2417 4649 2907 9549 1805 6521
80 4619 675 1319 2318 9435 6195 6973 1424 9994 4831 1394 931 7621 1598 8761 7691 5635
83 7709 3537 3331 8900 1495 9692 1204 6952 8980 2909 5947 8095 2562 1370 9577 23 805 7601 5411
84 5326 2615 1524 6029 2486 7050 3007 9997 2746 1044 5468 7489 5268 1179 4256 4391 3325 2333 6122
85 7932 5909 1762 3812 8090 7670 5716 9111 7507 2803 7263 2187 978 3071 4421 4921
86 4134 5193 7933 1665 4997 6191 9029 8077 5730 7325 1060 152 1470 3398 6237 9190 9778 3009
87 5248 1790 1479 9496 8894 5519 8306 5825 5188 6408 2729 4100 6860 9741 6267 2295 2294 402 5393 6041
88 8043 2058 2898 9480 437 6295 9780 1644 4946 9825 3817 1148 8692 9872 4662 6310 3156 3662 5154
90 6547 2643 9615 9483 4787 5838 4494 1554 5801 252 5418 1208 5913 8729 6302 1472 822 9341 548 784 1958 8699 605 9289 4989
91 7206 3092 3319 6477 2237 4821 9953 1408 6373 8736 1356 9876 4099 4094 2804 8110
93 9075 6187 8958 8531 6802 7151 3226 1791 9604 8605 6639 6257 756 485 9255 3278 787 4610 3634 2798 4372 642 7127 5628 6498 8304
94 5307 8062 3835 5111 3504 2212 3946 9668 2144 9292 5833 6168 9359 6119 6648 2007 5954 608
95 7883 4801 6899 9107 2668 6671 6855 9205 7233 5171 5998 6155 6174 567 8275 6140 2079 6694 2279 2946 1742
97 5715 477 2346 866 3876 2496 898 904 1267 5078 9275 1772 6674 7352 7281 7024 2860
98 9199 3303 219 4865 9411 2399 1395 7934 7666 8158 2283 5595 9249 2362
99 4901 450 3146 8396 5448 188 3842 8174 5548 6001 7314 5639 1181 6909 695 6070 7038 3727 5323 343 5062 4065 2982 5666 9164 4693 6834 3747 32 7769
100 780 9733 5921 6790 5194 1498 4541 4280 3970 5294 1192 6570 3276 3965 287 9830 4160 9163 5347 5461 7241 2293
102 979 3111 9349 7511 3249 225 1610 8074 1593 1924 964 6224 8672 9235 3086 7205 7312 7719 2805 9097
103 2155 8049 3241 3567 6460 8195 2307 3386 6495 4798 6330 1040 564 8224 656 9787 7228 7203 3008 1893 8827 1747
104 7880 7007 9943 5933 8939 6512 9352 9047 174 6434 9116 9873 5953 3021 480 6801 2998
105 7240 7219 5446 753 3379 7586 7956 6423 3664 4069 6970 6201 9521 1585 7975 6567 8911 122 9312 8137 7508 5042 2635 8840 8214 2992
106 6785 1071 5889 1757 4299 5884 9716 359 5626 8310 5528 5766 1229 7865
107 8812 6482 1831 1950 5660 7553 9137 7410 7259 3174 6578 3254 1097 159 1678 1809 2215 2586 8798 9392 7921 4511
109 8495 6550 4350 8696 5887 4639 5636 4011 3597 3937 1273 9485 1528 8254 5269 4633 3808 3609 3691 671 1695 5634 8171
110 1581 6084 8416 1397 5584 7284 8228 6212 9362 1230 577 7967 41 3237
111 5458 1557 4071 7481 2670 9993 5122 1206 1833 307 7198 1932 6717 9449 5872 7337 7858 5890 8019 7955 5941 5151 1717 8709 89
112 4107 8008 2543 9917 5030 2278 4680 3495 6051 3729 4807 9770 8408 5275 5266 2616 1722 43
113 1117 5630 2433 9691 1459 3193 7501 7164 3955 3014 2367 6463
114 5412 2704 3507 9709 5019 3088 6924 8170 7484 9616 835 9683 8502 926 104 5181 7310 3437
115 4526 5966 3051 6677 6643 3375 9515 9091 8652 8765 8067 3590 2415 4544 8677 9381 3638 8720 2218
116 4527 6141 8145 4884 5767 9398 1641 1608 2797 5027 8747 3397 5592 3458 4533 9306 4575 5152 4344
118 9659 7267 3700 8257 1855 4416 257 2911 4840 3998 881 4455 698 8966 117 1035 7988 788 249
119 2537 7845 5993 2739 2189 7138 3305 1680 6496 5816 3629 4873 1901 5466 6576 7363 3687 6618 4778 2255 170 5250
121 6067 6528 6817 901 9132 5247 5996 4591 5026 4803 4285 4257 2669 3042 9783 773 8327 3281 4875
122 4314 9374 8121 295 8912 912 4036 2016 8268 9026 2376 3697 1330 5396 5708 8526 3329 2850 8623 7558 5511
123 4531 1125 7791 3320 2857 5504 5661 7321 8686 227 6149 4616 842 190 883 9431 5241 7977 6189 3889 915 283 8754 3967 169 5777 6695 9896
126 1058 9443 707 9120 9036 5383 4780 5502 5981 8930 7142 5177 5292 2923 2462 2165 7618 501 9149 6058 1602 1051 3732 5183 8975
127 9545 9301 4311 135 9451 4269 4348 7526 9073 3044 5797 5526 7136 6321 1773 5335 5746 4110 6507 7631 3460 1829 8610 8250
128 6827 8068 1256 177 9027 2607 1292 4628 1364 9218 1850 2570 5515 2505 4514 4258 264 9175 1788 1250 9309 1972 7294 3790
129 9404 7948 385 690 965 8635 1738 7910 2460 9286 4488 6081 2025 8646
131 4222 8423 9989 1918 7318 796 9619 6724 7436 4198 7516 5049 3787 9500 3018 1119
132 5748 259 2929 9380 4070 5471 4705 2223 7807 126 5278 9921 5593 5538 6780 8084 9675 1144 2808 4502
133 4108 2150 5961 9576 2139 2489 2692 9174 1290 624 4607 4926 2553 3368 3560 4474 5804 7227 6069
134 8994 6454 2651 3853 770 5785 7212 4289 7639 7065 7951 7308 7330 9595 3739 9589
135 647 9461 1784 8150 4886 7820 1912 4504 3025 1154 2612 1147 2463 4084 2034 5664 6375 3273 2924 1561 6233
136 9230 755 9940 5546 4037 7302 1095 8486 6260 7747 7034 8995 7572 4777 5606 149 5431 2448
137 8406 2414 1657 1167 7243 4308 3804 2446 2384 1957 9462 748 9781 8724 9701 4169 4525
138 8183 5483 5662 1329 8371 1615 8056 1264 7490 380 4025 1308 7581 1529 2503
139 523 3050 9008 2768 6487 3750 8609 7048 8331 6062 6491 2799 6034 715 6937 3263 9060 969 8705 4835 9037
142 8711 5219 2773 2439 367 5583 828 9988 691 5477 4959 6615 4684 1341 5459 601 4714 7391 5817 8410 9569 2709 6077 6089 1402 5489
143 7179 9607 2932 7610 4401 7039 643 6362 6087 7936 4382 9247 2353 6738 9606 1080 4127 3913 2004 6494
144 2555 2577 1227 1877 9742 4310 8554 1004 1463 270 9959 816 3907 8376 1500 240 5023
145 2892 8498 8713 6139 6073 6961 2972 9261 8533 6914 3015 4210 7362 5870 4795 3242 5028 2522 5195 5873
148 2240 7438 1383 6986 8832 2856 1043 6502 1405 1846 9843 1567 4707 1696 1646 1426 6667 2731 1411 4991 9285 4686 7299
149 9476 4407 6851 2299 1317 3579 8766 4272 2889 2915 3693 6577 5991
150 5401 9260 1025 7252 7536 9865 4720 716 5922 4669 6523 9162 2515 9066 1469 6981 7815 3411 1236
151 7153 638 3135 8058 9689 6691 3991 5631 2421 66 6052 7668 3564 3105 4500 3208
152 3144 6537 7379 1174 8803 2546 8278 5744 2152 2231 166 442 7672 3446 3633
153 2792 8425 112 8862 8350 5068 2890 8298 7946 948 7854 631 1708 1539
154 3841 3726 5840 2018 3904 3334 7944 3799 5858 1582 9448 1173 6500
155 3936 7517 6082 205 4923 9510 1555 1142 7834 6680 72 4944 7765 529 5541 9544 4808 7124 5908 5920 1778
156 9621 575 2877 4444 8508 5280 1233 7496 4078 5582 1412 621 6688 8597
158 321 148 246 7688 6946 1157 4354 9385 9085 6752 8998 2319 854 1049 9253 4641 7160 6990 4053 757 4908
159 1476 4423 4077 4439 5379 4057 3036 9624 4031 9939 1499 9034 26 1617 2785
160 3830 374 4679 7193 8982 6650 3190 9351 2817 6913 5045 4241 3476 4529 3256 4365 3114 8205 8388 71 5035 9562 4933 4319
161 7713 9594 8973 3552 4572 4238 8461 7364 6126 3515 2341 5703 2683 4565 69 4140 3686
162 7290 2540 7981 6050 472 9560 2473 235 7559 9062 3501
164 8716 6178 7861 3102 7365 2810 5389 7177 889 5330 8203 5688 2960 4505 3108 1849 3510 5098 9384 9336
165 427 6853 7041 8688 2194 2682 8163 6647 7574 4914 2618 637 9171 4206
166 7795 8445 687 9723 5034 1632 5134 3338 4652 8454 1001 7985 8346
167 7519 8512 9795 774 4890 9666 9649 8142 1741 8800 6963 2062 3880 2017 4845 6 684 4588 7562 9200 8795
168 4199 9023 2679 5288 5866 9995 944 4245 7500 1548 5351 4147 1982 3641 1431 2678 8440
169 6538 8880 5014 3383 8352 2239 524 9159 9740 7971 6053 2037 2721 9791 7780 83 5402 5824 1451 5041 777
171 7652 3792 8227 1572 8507 5054 3745 9395 2740 141 3374 1491 1969 6861 8493 5442 2787 9135 9501 4171 4226 644 2499 9405
172 3012 3673 4804 7960 5258 5214 2580 55 559 4478 9708 5617 661 633 7964 3652
174 9968 5339 8532 5103 4925 6960 2160 8367 5244 4726 823 2210 5040 9706 2036
175 1149 250 7064 6409 2968 6352 3054 6843 4218 3536 9369 3292 8489 7650 7451
176 3316 425 4783 6928 4832 3429 6636 4532 9862 9408 3990 2193 3884 1138 2531
177 3758 2001 4359 6024 2176 5901 4788 7199 8829 7564 7677 4441 497 4882 4892 1787 5264 7275
178 4027 6306 7210 6631 1504 6625 1106 3486 7961 5690 4148 6619 685 2329 5096 8834 9868 4589 1645 3585
180 7759 7968 5784 1365 7842 8593 7752 9493 6416 6129 3748 3447 8928 9581 278 1880 6485 2127 6274 8098 5321 9794
181 2288 4957 9637 2321 2736 7556 4349 9928 1964 6478 7781 7550 2574 6661 4590 6735 8088
183 2943 8931 4337 5494 6057 3309 8156 8824 9063 6313 1369 689 5587 1344 1048 1674 3148
184 4129 552 1091 3684 5710 8855 1276 2454 2244 3210 2169 6173 9245 1374 7867 45 5345 8741
185 9688 1260 3081 8649 8089 3969 1380 1059 2202 953 2795 7695 3984 1596 916 2167 6730
186 7762 2904 4824 6196 4060 949 6895 3843 3653 1658 4974 9804 77 8762 7382 8464 5796 7389 4782 5956
187 7929 7459 2404 6509 6301 1345 6616 872 8552 4150 6218 2032 794 7131 8538 182 410 4117 1694 1277 2135
188 9444 8053 8683 7920 8549 8714 3702 7027 3721 2883 6558 7680 7079 3742 1922
190 3720 3230 6683 6197 5309 7408 4010 1197 8639 3348 2246 9884 4330 1637 4024
191 475 8185 2698 467 2156 7373 9440 6519 1919 7689 3983 2725 4097 330 5160 4930
194 9219 1445 167 7560 7383 6583 992 8946 3482 2408 7469
195 79 4326 3395 6376 8700 5771 1662 6574 7232 2903 1104 4409 3786 3531
197 9931 3243 7615 1050 5033 2010 8743 2781 5044 7030 1296 4054 3416 5770 868 1971 4364 7846 7722 6025
200 9903 5788 4004 6390 2513 3789 8300 2745 7185 3797 3220 5721 3997 8204 8996 4793 5485 7020 5169 8968
201 2175 8140 9623 7602 4698 5500 6403 1366 2343 7637 2539 6223 2495 2141 4434 9749 8463 2975 6910
202 6584 4664 6786 4842 8168 5316 6150 3977 7159 665 1193 493 875 7565 4900
204 2005 5003 2735 7756 267 6698 2565 2458 6554 6869 2393 6143 9918 744 4468 5831 9717 3381 3631 5187 3925 8211 8569 8919
206 6251 7280 3470 4837 8159 1109 3323 9992 7797 7301 9603 1063
207 4035 9129 3630 5547 527 8733 5896 8221 7291 2095 616 5430 3417 878 7442 6641 4564 8122 353 6628 3779
208 2569 726 1948 5185 5566 9602 7331 6222 4612 6777 9942 8453 1327 2728 1590 9028 766
209 7788 2876 4164 6654 5850 3838 4696 6181 3628 6405
210 925 1731 1611 7439 5304 329 7998 956 4757 521 5350 4671 4240 8481 7746 8107 2375 262
211 7204 8881 1175 703 9499 214 7422 9041 3277 4297 717 9308 7360 6091
212 6099 5005 7347 4106 7169 6479 8938 722 7316 1541 9327 8191 6900 5209 2947 7480
213 6747 1129 2190 4549 5217 6531 3606 7119 2104 6164 4871 8895 9046
214 4402 6355 3362 8927 7509 714 244 9886 6659 4949 2055 1851 5179 8924 6789 6807
215 9172 771 5834 3975 6490 8732 1055 2713 6000 9146 5233 8000 4776
216 4855 3207 7486 1900 3795 1538 6320 2624 2416 9236 172 488 1985 360 3506 3060 9168 2138 4220
218 247 6343 4282 6262 8451 5189 6414 7186 839 9491 8199 2451 7359
221 5212 9474 9932 3761 3288 8372 7718 4853 4323 8759
222 1933 9348 2647 1377 3566 7909 546 8065 6076 4976 245 6263
223 8506 8807 1124 6893 7405 2377 2705 7471 6308 6204 4227 1843 9098 2594
224 5445 1287 4760 7426 2774 9470 5525 1929 1931 4857 243 7617 5020 2602 4189 7307 8129 2429
225 8797 8935 3157 4411 8308 4051 5560 9907 6693 7265 1925 9038 7609
226 2264 3905 7771 6949 1242 5756 6859 9187 8710 3080 5911 211 2355 4573 6850 1847 5597 7415 4009 3680
227 745 9040 4034 232 207 1566 6427 5313 724 4375 2103 6309 1116 1280 9705
230 8017 7396 1265 7889 4361 3109 5904 5206 8813 542 1226 5671 9188 142 8384 6344
231 5989 6398 610 2532 2712 4950 1389 3512 4723 3500 721 8296 7505
233 1121 3380 8135 2305 1980 439 2576 490 4994 4419 5986 581 4659
234 5869 2114 6945 4302 5700 7116 284 5356 5623 9264 3445 301 4459 7907 9153 2839
235 625 6369 8015 9816 9279 2185 4213 2468 3866 4496 6145 9196 6894 791
236 1512 8809 5724 6410 8198 1263 5215 3130 9597 9000 516 5903
239 2335 9208 9302 553 8143 4306 1361 8661 9012 1172 1591 2142
241 6920 8815 8179 6997 8673 9904 8173 812 6821 7270 4762 406 2359 6753
243 2052 8893 7754 8488 5893 2059 2166 2061 7195 9772 2481 2440
244 8910 6692 395 6244 2718 5689 8324 5395 2220 1224 1314 5106 1713 1543
245 7434 1740 8312 1944 705 824 3216 6571 1347 3400 9889 8178
246 3074 2518 9050 2106 9457 8305 634 1691 8389 1215 4012 6852
247 2412 7392 5387 3153 946 1953 7881 3269 1036 3392 4750 7697 5790 9340 8620
248 8125 1246 4168 7023 8863 3657 8319 2177 9051 1441 7753 5157 6831 7482 7455 7836
251 3543 8022 7135 8027 934 5531 1101 880 8442 3696 1065 4577 7338 8527 2564 8390 677
252 6428 8844 5726 2143 4404 1444 532 8444 5764 2536 4166 2881 2649
253 2986 5899 528 6662 1715 4597 7839 4456 3767 1667 6890 558 8778
254 7899 6250 7694 7542 2038 7749 1796 8282 7386 4040 3414 5939 3764 3625 2350 9766
256 9014 5849 4230 9632 6354 8936 8320 5454 758 3620 4854 7962 7534 7873 4141
257 6296 9947 9005 2590 1907 6256 4388 9141 2026 3057 3140 7522
258 3100 4249 1859 2047 6329 2887 1456 4215 8879 810 8950
259 5607 9283 7293 4888 3679 9198 4513 914 1879 5845 6157 1527 3424
260 6470 5795 1940 4574 1282 3708 6996 1501 6640 3286 4242 4592 8051 2419
261 9608 783 1337 5696 8029 3525 8744 3578 2997 8914 2290 3410 1751
262 2340 8600 8566 6391 3160 5052 3188 5259 4389 590 7894 2096 8660 6873 9125 9954 9547
263 1079 9563 9130 1745 4802 8477 4490 8468 3846 9881 3031 723
264 2407 1905 163 6291 3296 7703 1814 7730 7876 2315 7707 6514
266 7095 4697 7692 5391 2117 7777 4736 2447 8898 8449 7676 8266
267 9930 1496 9540 3895 895 4216 3717 5957 8548 9628 7226 4413 2626 5226 5470
271 511 1339 6696 3989 9414 3637 8522 2873 9442 5567 3290 6092 7247 3530 2925 667 2933 504 8843
272 352 9138 8904 3101 8708 2788 4244 9833 7487 2470 888 6337 9900 2098
273 3172 4571 6219 323 483 7397 9568 785 4587 9490 3107
274 8539 545 8793 3141 5342 8351 8948 7996 2937 7083 8033 6886 4883
275 8212 3541 2413 5138 2737 4470 874 1884 8514 6341 2225 7810 604 7093 6039 7624
276 4843 279 9436 7598 3356 9056 7541 3056 6702 7156 4999 2137 2722 1588 1890 8763
277 3586 8193 8146 6022 4537 626 9636 7974 3322 3069 1253 309 3461 7816 3986
278 5880 8618 9750 7789 893 2820 9585 5017 3574 8845 939 6481
279 22 3987 7868 3345 9938 8013 7161 8264 7341 1902 8937 7148
280 5386 7049 8947 5253 670 551 9764 6762 3923 6942 1789 3342 5456 7561 9627 7344 7121 7217
281 3004 5810 5150 203 765 8153 9656 5352 9661 7875 8615 8961 1237 9282
282 2121 8722 1134 5097 4958 7456 3837 7183 2598 9192 2483 145 8503 9498 5773 8789 6865 7821 7549 578 5125 6287 7613
283 376 955 7202 2990 950 1218 3312 6229 3852 5 2418 9298 6908 9145 7917
284 7630 8176 5232 4677 6104 5951 8368 5282 8534 80 2952 4838
285 3377 7653 8042 5432 4121 9070 9622 7220 9343 1914 6068
286 4317 220 7369 3052 8342 4811 3535 2644 1393 9820 7566 2365 6934 96 3404 9383
287 8528 4079 8580 2192 2951 5702 2396 2014 1247 9015 8238 7884 6300 9685 7028 319 4735
288 8592 1666 862 4672 7885 1865 6805 7014 9396 3250 2204 1170
289 447 6635 8106 960 5942 8419 6232 4266 3719 1453 6239 6348 3526 1232 9866
290 1904 4962 7078 5867 9846 2238 3601 9999 8374 2430 2969 4852
291 1986 2791 61 2674 7893 2844 7671 3034 4703 9529 2687 7872 3690
293 7429 6424 8210 8612 8636 129 2840 6609 2197 331 3194 4128
295 7036 7597 6956 6005 8348 8466 421 7552 4032 5714
297 3432 9645 9173 4763 1045 3166 261 6325 1655 8411 7303 8196
298 9990 2198 7278 3840 7848 4475 6879 4654 265 8655 1442 1723 5556
299 6921 5605 1067 2423 7110 101 5569 6515 7118 2043 7533 5977 2331
301 6953 6896 8668 6572 1693 8379 9818 2021 2022 4932
302 6351 1705 9961 5474 8842 9507 5754 5075 1943 2961 4761 3568 1650
303 9573 7787 1800 5245 4866 8658 400 9761 8991 3966 6271 4603 2224 2083 4398
306 2870 5645 8816 989 6234 2591 976 9001 1832 5527 9730 9854 5428 3941 5423
307 208 5129 9755 4047 731 4243 6406 1072 6364 966 8336 2599 9926 7824 9977
308 4377 2707 5400 1711 6526 5802 7604 3147 6849 7686 7499 9738 5203 6457 5146
309 3675 6750 1262 4254 8365 6936 6564 5415 2453 9869 7251 3918 649
310 7696 2633 4102 8180 3451 2802 8085 1177 4792 3572 5856 6935 5009 6228
311 7699 1336 397 6425 2289 3604 229 4135 1565 607 7066
312 3016 9495 7329 1162 6146 1482 8941 5320 612
313 1042 3827 663 1761 7525 489 8706 535 5369 1622 2339 5535 655 9064 2663 3253
314 8794 952 7474 4626 9933 1391 5997 30 7013 2867 9083 9735 738 2837 2286 4320 8086 212 7582 7745 1556 7837 617
316 1625 2693 1510 132 603 861 3660 5915 6162 4904 8434 7150 2776
317 6186 2865 5950 9582 8373 7770 9466 6888 2708 6480 60 8162 9069
318 9281 4281 5367 8518 5145 6353 9687 9739 5283 8118 2493 9314 5576
320 5737 6451 1425 5679 4123 5482 2988 8515 140 3045 3028 1415 3845 4745 4191 4432
321 2146 2424 7647 5105 3464 4001 1261 897 3746 9537 7557 9294
322 718 138 4274 8953 2361 2099 491 3097 7727 4109 4454
323 583 7725 118 3308 1019 519 6758 3522 6725 2092 7869 736 5074
324 1010 5055 7096 4225 2314 9613 7062 5371 2579
325 977 9757 1779 137 134 7340 3122 1466 9972 8746 8141 2755
326 650 3158 5390 4491 1640 1120 8788 7132 2306 3075 1559 2605 927
327 5340 105 300 1323 1798 2029 9655 1118 7972 1639 351 1107 128 6135 9494 2162
328 3926 790 7425 3910 4648 195 6136 1669 7656 4931 7687 5843
329 8516 8252 5375 7061 2207 4716 5449 7187 4512 3041
331 1710 3408 9463 9325 3003 3202 9262 2918 4767 908 9935 3523
334 7435 6192 4820 5435 9387 316 8596 7411 6278 434
335 2064 2828 4026 1070 1853 8032 9226 4990 768 8378 4506
336 4340 1979 5520 8218 8598 1351 7993 7137 2833 9946 4412 936 1390 9566 6065
338 9467 2274 8290 4699 7980 3772 5067 7209 7663 1368 1746 887 4982 5781 2242
339 8005 6611 7088 8651 9523 9789 8758 6800 4744 6461 114 7272 2621 9371 9239 8147
340 8293 199 2265 7141 1776 8676 7563 5514 6741 303 6582 630 2222 5876 6363
341 7055 2480 8702 4635 6773 9984 6839 3682 6407 6333 9679 2573 1649 7104
342 5898 4797 9357 9370 5481 5201 5658 7547 3532 2551 9753 4132 368 1398 4864
343 3555 3580 3710 7143 720 8206 6792 4772 6210 4292
344 3184 2970 5406 6815 7796 8856 7042 2248 5990 1716 5381 7194 1808
345 3313 6103 8969 5300 7591 7924 1973 1896 381 4073
346 6465 6336 8854 7018 7567 8249 3189 193 3318 1672 525 9106 9506
347 1454 5132 8111 4007 8674 6185 6917 809 8952 5841 9893 6720
348 9745 5657 9184 8740 52 3785 2126 9193 432
349 7012 8157 8287 4880 1306 8473 3344 9412 7844 19 7172 6715 3716 3953
350 9815 851 1113 8357 1298 8540 3978 6658 5705
351 9354 3064 7665 8662 1675 9850 7506 7524 8731 9415 2272 8906
352 2203 8081 6102 3916 3121 2639 8790 1003 7841 2500 3360 3431 5600 9113 5649
353 6844 9650 5561 64 3027 2848 627 57 2563
354 3982 2673 7254 668 2120 6959 2757 2922 162 8587 486 8010 3593 2893
355 3089 1686 5928 1743 3137 6870 8448 5298 9502 7738 8694
356 8907 5163 9025 4497 5031 7605 7636 3873 7773 3083 2999 9844 996 2208
358 3743 6148 4133 3805 9386 5763 5115 9217 3519 4332
359 5207 7682 4646 526 3810 4483 5601 2308 5563 7776
360 4739 13 9426 4336 4860 9223 7488 3659 7870 154 6637
361 3023 9979 3656 3099 9883 9123 3888 4576 4579 6238 302 9378
362 5063 8728 1963 6592 6555 7260 3610 1205 1848 398 4903 6989 8653 9088 7157 2093
363 1145 7234 8535 7611 8630 9254 6205 9035 7122 563 3065 4316
366 2426 6653 4415 8591 4278 7892 5988 1753 5050 2719 5958
367 3751 2158 9487 9432 8988 3968 241 8401 833 9016 9413
368 3877 6190 165 8289 1257 3994 6597 2548 2033 3674
369 9101 9802 3777 1199 8446 5363 6372 179 3118
370 2128 7053 6115 3839 5503 4260 4264 3832 6520 6837 799 1706 2886 2984
371 84 2875 541 3251 4063 6581 8037 2398 3856 3388 2336 6315 6624 342
372 2962 4045 7710 2634 7938 2559 1994 7174 8382 2078 7358 9976 9355
373 1935 494 4295 1357 4246 6711 8026 1243 42 8963 9177
375 8092 2583 6323 3165 8523 4145 5868 2571 9678 6085 795 4554 3127
376 420 6453 438 2030 3897 2994 4126 8805 8738 8876 9826 5170 9682 2852 2297
379 7997 3847 3366 2369 8890 9300 1422 1530 3516 8258 2073
380 5848 5155 5740 6176 2196 3283 7449 3384 382 762 7928 6088 8541
381 3520 5755 678 4905 8154 5135 9736 7354 1730 1945 3488 4869 9956
382 9043 3533 2597 3642 115 431 9809 3943 1458 2974 6147 1018 1870
383 8814 372 6915 100 4296 4846 1161 2148 5246 1258
384 971 1464 1878 1941 5182 3901 1627 4644 4851 9517 8750 5220
385 3363 9720 7629 1020 8189 7082 413 7728 9021 2568 5497 9867 1724 2645 7614 7005 2770
387 2510 6474 3643 6276 5158 6420 6620 5976
388 6840 6431 9353 947 1210 3218 1679 1207 1126
389 569 3032 4399 9586 6836 8136 6891 7117 2661 206 2524 7693 5004 5596 4689 2519 8301 2987
390 6044 876 108 2345 1150 3364 2066 981 6177 3213 233 7256 1840 6010 7483 7857 7381 4943
391 5793 1781 2271 9821 2796 7721 5972 3647 1047 8186
392 8513 7246 4096 9554 6749 4195 680 6546
393 712 2491 2926 8046 8773 38 4112 9484 5107 415 2648
394 5798 4973 136 3669 8009 6912 8739 3600 8542 9266
395 6269 5161 5692 7192 1903 1178 1955 8916 8613 3985 4522
397 3528 8217 3596 5818 1434 4449 1340 3859 1522 3327 522 8656 8241
398 9013 5156 3285 2003 7606 5457 2325 2894 837 2201 4095 5355 7418 223 7590 7801 5877 8011
400 8920 75 8078 6669 7659 1719 3225 7888 2954 2298 3508 2390 2874 3336 1782 8460 5002 9948 4668
402 2 1774 7165 3806 767 6968 5533 735 7009 6133 1410 8559 3551 2914
403 6020 5552 9377 1452 1132 2939 3116 5308 9950 6862 6266 8117 2749 5799 508
404 468 5857 7706 6334 4929 997 6449 6116 4556 5532 4917 9698 5312
405 3079 6737 9003 5780 1436 6627 8270 2973 8564 3616 1342 9839 9078 2420 2434
406 1552 5317 4462 7208 6265 7940 9225 7734 7583 5190
407 574 1858 2554 8167 9428 4021 2601 1130 1987 1449 3349 6045 973 7779 3422 884 1960 1821 5905 4259
408 8644 3371 5251 9684 1031 2908 9763 9356 9434 6002 1000 3759
409 8896 3496 9167 6551 7969 2111 6819 1360 7458 3169 2655 2701 6607 5629
410 7216 9256 6311 6883 1198 2087 8126 3070 5374 5346 7377 8202
411 6534 8450 8571 6918 6979 1866 1834 6812 5022 4791 6799 5949 6602 1484
412 9004 6588 5719 5695 328 5007 2402 9363 4632 3939 811
413 6075 1939 5143 4691 7657 3871 411 2233 9557 2920 2494 8678 5012 2945
414 7123 8899 8989 4954 6429 6436 5388 8954 1128 1514 2936 8792
416 8332 3073 2794 362 2389 1992 7182 5276 5093 7945 9112 6568
417 7180 8693 5230 2690 5663 5120 510 1881 2807 7823 8413
418 4442 5656 7072 6541 4819 7393 658 7642 5417 2815 2859 4042 943
419 269 2842 4741 9418 4625 7230 3945 694 7840 8213 6878
423 9244 6153 8343 6922 5112 3186 3409 6544 9332 7040 7939 2544 5331 4369 9530 2195 9743 7324 5934 2723
424 457 3882 6166 8427 4552 849 1409 4643 5439 1765 5900 9944
425 843 9347 652 9580 5286 871 6377 7063 900 2549 3046 6707 8128 4161 312 9212
426 1752 1164 3883 5846 606 1892 3466 449 7784 4582 1727 6764
427 1956 3553 9335 5450 6259 1136 8079 9567 5612 5265 781
428 9898 9089 7101 6842 1570 4627 8753 1536 6897 1631 6286 7817 2173 7461 6603
430 3932 5365 9746 8632 750 8558 3211 3082 7593 1760 4028 4469
431 7950 6100 3229 4755 2906 987 9796 3138 9857 7531 4897 9068 2944
432 4913 8634 5674 4586 7851 2323 760 9911 3623 6940 8175 7292 5287 5517 4940
435 819 507 3621 4640 305 4615 5675 7043 1503 1842
436 8345 6676 4561 683 2750 5441 600 1064 6203 3900 4856 8155 8839 293 2527
438 1822 4749 2508 5127 3373 3473 9519 6926 8075 737 3339
439 4385 1638 5104 202 2985 1379 6094 1589 6733 158 2082 4197 2490
440 7545 8428 1942 2741 6772 5385 3058 1213 1587 5302 1600 9179 6380 1690 7862 6710
441 3707 1220 6594 9030 9460 8172 3469 1605 8921 4360 1182 8476 2659
443 5815 4580 789 9845 94 3850 8637 8764 7306 2027 4383
445 3557 1419 727 2777 7277 2800 3467 4747 9788
446 1984 8169 7485 469 7115 2445 4915 4993 7627 4124 7437 396 5360
448 4341 7569 7599 3159 272 1169 8480 3825 2769 2230 7269 8082 5888
449 9565 6699 3337 9543 6606 191 2824 3824 8631 8194 3155
450 7147 5553 4433 9635 5693 4487 2226 9587 5739 7368 1318 8897
451 2263 7513 349 2211 2545 6983 5554 597 1385 9079 7022 8835
452 4660 3236 4606 6705 2403 1310 4066 5358 4702 2102 5978 580 6884 9541 8490 6784
454 2818 14 3260 9207 1888 393 2823 6108 1111 4665 4368
455 6254 6484 1867 3433 6994 5707 1460 1998 5984 1284 9269
456 5643 6360 1223 9478 9598 2627 2628 9559 6209 6824 1421 3650 6386 99
458 5437 5141 1176 4324 6113 78 8867 62 1191 6504 826 3632 1240
459 8925 6035 1007 5827 6709 4746 9420 3928 4174 4062 2180
460 5131 1885 4228 2869 6600 696 9258 5852 5353
462 6258 1756 3415 5779 6585 1823 9769 4482 9526 3204
463 6413 6731 1016 4742 4960 6231 3737 9653 6114 1386 8621 2891
464 6492 8888 8712 1407 1052 2337 5174 1861 7374 5197 7470
465 8055 3066 1122 2878 1838 7495 8742 1168 5070 3518 9952
467 5895 7349 2401 5912 3481 1014 5594 4891 6426 7792 3678 4115 8826
468 6332 3234 8965 6599 6557 9156 2472 4485 5255 6471
469 719 5772 8256 6941 3183 3428 9372 8433 9643 2129 688 2957 5116
471 6331 3858 5803 4955 2041 1718 2812 65 4519 6830
472 3093 5166 699 482 6264 6871 8025 388 9438 641 7886 2051 1443
473 7336 1997 6448 9902 2235 4706 8035 4181 9718 1037
474 4093 6810 9885 1807 5329 7930 2252 1897 7918 5814 2388 6700 9699
475 5758 6767 5348 512 106 5559 6646 8751 8253 9488 4920
476 3547 6283 5800 2234 2134 9592 5512 2394 3933 364 7305 7390
478 5917 802 6214 1920 8723 6727 829 4162 6642 8152 1127 2488 63 879
481 4728 2685 7361 3125 110 3864 5659 5678 1533 3215 5652 2822 2080 6019 1815 2356 5916
482 9045 3999 2896 7890 4631 5625 6339 827 5644
483 6404 9555 4629 2501 5936 436 3822 611 6043 1634 6240
484 9669 5964 639 9511 2270 5199 657 5573 1180 7445 9509
485 8883 8685 8188 1293 10 6685 6633 9971 4566 4683 1234 5472 9424 7715
489 3262 1737 6931 6468 1249 7901 8917 4484 5297 5879 7235
490 7987 1685 4799 7577 5854 1074 7774 970 1203 5001
491 9548 6324 285 44 356 3084 5680 7925 3583 9151 2213 1089
492 1083 8622 175 6933 1810 5376 8999 9564 8002 5235 4758
493 4752 6011 8265 1381 6565 8101 6215 1196 7915 5237 2301 7596
494 8069 3203 2206 9611 9660 6781 6820 6944 5299 4919 7983
495 8267 4055 2811 4033 7708 701 4674 6249 8207 5808 9895 9237
496 8387 640 1139 8581 8004 9430 6993 7025 3192 1440 9195 1616 5366
497 6652 7057 8787 2275 5293 24 9276 817 7274 6316 9570 5328 5930
498 6170 2028 8690 9591 5153 6793 3002 1656 9827 3426 4076 808
499 867 5654 1898 2578 1860 4814 6242 3115 2834 682 4789 3996 9584
2 3963 4822 8405 7130 2243 1564 86 338 7646 7578 6877
5 732 358 6560 2767 5086 3087 2638 7638 2471 2006 1704
6 5216 6991 4896 1087 3569 6826 4740 27 9318 1812
9 9007 6134 7133 5860 9955 6042 9838 1034 8239 3992 5682 9303 6379 492 5168
10 4569 1303 2868 8520 5620 9658 213 9588 4103
11 4170 1477 4154 8123 8190 2031 4149 8380 2497 8866
16 9991 3722 4721 4131 3068 533 7100 5337 7166
20 2966 5565 6032 7702 8471 2596 6614 739 2228 3754 6289 8007
22 2711 6811 778 2024 6665 9119 1487 263 599
27 9248 5069 7737 4223 7154 5522 3776 8335 9771 8828 3613 918 1228
33 7285 2608 176 7463 1961 4651 2049 6916 2934 8160 7224 8976 1681
35 3098 8970 4604 8139 2882 8511 9375 2835 6966 6488 932
53 9671 7448 4559 8505 215 6923 5176 9524 6357 216 6349
55 8483 9227 8804 1783 6690 6505 2963 4863
56 4180 6545 6447 3561 6437 2784 6175 3199 3134 2747 6393 9618 8492 7207 3132 3418 8349
66 3885 4156 2147 8524 4179 4536 754 73 9459 8208 7453
73 3781 5543 1081 2184 1352 4995 2681 6595 5919 9350 2285 7021 9403 1053
81 5421 5647 4712 980 3450 6031 9899 320 3701
82 2662 3670 1367 4938 1786 8295 2277 9673 2048 7847 6590 1406
89 238 8831 276 6401 345 5651 1550 1428 547 9422 3635 3794 7250 2761
92 9265 6630 4971 8496 8314 8050 5924 7201 8509 4754 5774
96 1289 7742 5980 4046 5261 1754 2916 5539 7843 6776 7830
101 3106 7276 8666 1492 8144 7835 2511 6902 4655 2459
108 5704 540 6160 9639 537 5524 5424 9578 2172
117 4558 454 4313 3024 4731 4403 9228 5077 4779 632 4609 5926 17
120 4176 9065 3538 1697 7633 4547 8226 8355 5653 7416 5786
124 3981 7856 6326 8044 3819 8951 3490 3624 8 7255 6872 6013
125 7454 4924 9786 2534 3423 8588 6312 4363 7828
130 1195 239 1295 4481 9664 8443 7628 4050 3644 1093 2267
140 1358 3474 3176 3280 8882 8024 6328 869 5550 4425
141 921 9908 9295 6518 1186 8012 6766 9019 8417 5267 4325 7114 9345
146 4435 6489 8819 8703 6901 8543 4019 4424
147 550 4695 820 7551 2366 2976 4521 7465 7017 3212 5013 7882
157 9970 1521 4785 4276 9859 7966 5204 6985 3947 4428
163 1299 3020 3 8057 5059 8457 5284 2684 5513 3920
170 8491 8248 5443 8949 336 8272 8850 6033 8718 2582 3887 4353
173 5572 7087 355 9268 123 2550 297 7237 1160 3038 7288 1577 2766
179 6015 5999 2309 3534 1146 2838 7371 6756 2310
182 168 3677 6358 2438 8823 9 3809 6003 2716 3615 3833
189 9806 6063 7683 4253 7775 8871 3365 7238 1371 7535 5968 1432
192 5359 9313 8294 390 2449 7414 9808 9747 3622 9161 404
193 6687 6060 6808 3766 3813 6722 7385 3774 113 9492 7342 2387 4953
196 5038 4870 5747 8837 1698 3370 1648 423 1663 3988 8557
198 1601 3752 9215 4828 5668 9216 7409 2186 1413 8093 4623 9527 5011 9342 7031 7407
199 1375 4345 5101 9122 2816 2397 2282 9471 8962 2541
203 3376 116 8848 4175 8246 5319 5853 6854 3949 8957 1989 2763
205 4431 4584 4557 3857 5706 2009 9209 8749 8216 1005
217 7029 5384 9964 8474 5327 4978 5882 5263 4430 7370 6760
219 412 3240 8701 5699 4568 1102 1947 5273 2751 8560
220 1401 863 5813 8670 7675 6117 7623 9104 4523 710 4472
228 7786 5429 1579 9722 2269 9182 54 6706 4304 4489 401 6180
229 3869 1562 5413 9646 7634 9364 5082 8556 6716 6644 3803 2959 9076 1011
232 3672 8997 6207 7249 3382 6056 5419 2695 919
237 2958 9010 7086 5865 1017 8521 435 4563 6036 1 3161
238 8307 3456 9847 4448 4663 418 988 764 7128 6947
240 56 1056 1271 1654 9937 3773 7427 1029 3350 5083
242 8133 8585 4562 9304 8003 5712 6882 4328 8291 37
249 2100 5871 8782 9181 1212 9090 3151 7548 3886 9686 7498 1468 9319
250 6511 1769 7739 1540 3867 9532 9906 2762 9331 5202 5530
255 3270 3563 120 1420 3771 9714 9853 171 6721
265 1348 2732 2653 954 8851 8297 6275 9784 3862 2067 5236
268 8284 3539 1614 7976 2629 7714 5859 7149 4986 5092 999
269 4539 5072 6889 7673 686 5362 713 6598 8864 1908 8064 5960 2935 830
270 1133 9071 2744 8608 9512 534 9110 6217 5398 958
292 5099 2256 6556 461 448 3608 7223 6742 984 8395
294 648 6540 9823 2996 5229 3475 5227 1294 1073
296 2538 1780 8131 7684 7215 6686 4956 9819 7125 5864 6796
300 8313 1423 8499 111 2680 2324 1188 5683 7887 6378 4202
304 9453 7641 8604 2368 941 6579 593 3735 1767 3741 5603
305 1123 8197 5751 2249 256 5208 8083 3143 2726 6433
315 7811 3284 8680 740 5081 6723 1163 7283 4155
319 9837 5713 2391 7188 357 6318 6818 7943 8781 5094
330 6770 3714 7859 6131 9291 4003 3298 4014 6235 7450
332 7097 9067 8459 3443 1324 8821 1996 7645 1100
333 6303 8113 2050 3902 9166 4708 8536 4239 800 5529
337 5254 4964 4830 6589 769 7058 6529 2245
357 6838 9707 4979 3282 9393 2450 8627 8955 864 4357
364 6466 9406 6462 361 1417 9049 4724 144
365 6054 4805 3017 6402 1720 5828 8225 6950 1399 4261
374 3513 7720 4614 3271 6430 3640 573 2733 7184 4899 4283
377 5270 2262 6506 1683 1968 4542 8757 6775 317
378 7413 8858 858 7069 9185 8429 4192 734 6121 7493 3067 2063
396 3394 3293 8447 7491 7600 2118 9231 2443 4381 9841
399 4418 2697 5983 9601 9694 9423 1818 9263 1660 8865
401 8418 6962 3164 9593 3581 7681 6388 7503 3775 2145 4044 1446 1652 1856
415 1785 5874 5673 7916 2779 6857 3972 1006
420 6549 9920 5080 2864 4480 2188 9358 4605 620 1275 8697
421 4602 326 4613 3554 3573 5000 5144 5568 1508
422 4286 4203 9528 7748 9366 9057 2296 5537 9232 6199 3763
429 860 792 8878 9176 5891 3529 5491 8641 9534 4153 5167
433 5172 8236 4815 3330 7197 7819 2623 1013 5886 4553 891
434 3425 408 1817 8501 196 9450 6580 6200 6626 6151
437 3154 7248 4688 6803 4690 8115 8432 6561 3740
442 5902 6356 3959 9811 5769 9421 8808 2338 3224
444 1728 1159 7954 6299 36 7587 1038 1620
447 218 3145 4638 7743 3435 1202 5590 3026 9958
453 7922 5433 8574 3095 8054 9241 6732 8138 3182 6395 9148 7171
457 5490 1194 9998 8903 9905 4082 1906 184
461 4333 9728 3694 6397 702 1473 1578 1999 2479 6118
466 5200 8061 2313 9284 3778 124 5048 3499 5024
470 4771 9858 6290 8041 1828 8902 9022 3170 4753 5496
477 1429 1328 9936 9945 1039 3655 414 5577 2734 5130 4841
479 8663 9042 566 7651 2614 3419 9514 9427 7357
480 9407 3479 8767 4438 1028 3033 7543 7640 2091
486 6978 813 4970 7952 2406 4942 9674 1244 3502 9520 2955 5008
488 4645 6083 8260 514 9379 4089 3744 8940 186 6017
487 1252 8021 6440 4118 659 6152 9429 7074 9813
386 6101 2895 3820 8967 8456 268 4390 6109 972 7366 8648 7931
