500
0 5962 6048 1110 3668 8366 5775 2409 3558 4248 968 2437 2887 7320 676 3736 3082 4930 3715
1 5462 2632 5016 2816 9139 7120 4859 5790 8470 4378 847 1770 3546 9080 3255 3607 2349 4151 9392 8235 554
3 7906 6548 7419 7296 8329 1465 6221 7001 5946 4335 2035 1103 7579 1916 5742 2696 2060 2927 4230
4 2763 1633 7478 9125 772 8117 7601 2013 6467 9721 7660 258 6365 6261 2699 3540
7 3149 2371 4706 4931 7575 2051 2369 6681 9324 8116 1606 8726 1958 8191 8040 7167 1571 1852 993 7664
8 1153 5198 8326 3113 5783 9866 8487 865 6124 3235 8780 5460 6279 6678 7829 1395 2847
12 5509 7444 2379 3355 571 9098 4362 2701 2917 3128 2533 8719 6270 5479 8590 5467 6984 2109 518
13 7447 1105 5211 2722 2613 9368 982 3103 5271 8175 7355 6955 2822 3824 9547 4337 4951 951 496 2019
14 6628 5260 304 4972 1248 5407 8735 9102 9890 2676 3645 3006 6789 917 2136
15 935 3545 9259 9546 930 7732 5061 1343 2910 6768 3527 254 3878 6610 2326 6267 945 7782 9652 5451 6130 1156 6281 4945 2182 3427
17 9912 3028 6030 6998 2149 5373 7431 8109 9194 7622 7800 4836 2243 9888 5907 5175 6797 2088 6347
18 7395 5595 8031 8650 1793 2117 4213 5782 2806 8007 5863 9703 3268 6744 5224 4463
19 2333 9508 6795 8796 1746 4520 7669 3501 2805 5787 7767 5885 3784 8589 1092 4988 3944
21 1668 6695 5897 3442 9759 8490 5823 6027 1788 9834 6400 4692 6161 5341 672 9605 4400 8922 5821
23 2451 8849 415 9160 3602 6325 8340 9293 2123 2977 7054 2002 6280 7146 2595 7919 3544 4834 4658 5295
24 9337 4975 7689 9982 8628 6583 5250 2397 1927 2071 939 9464 9032 9489 5523 5178 3935 673
25 9533 7031 3584 9800 2790 7864 6852 6774 9946 2884 3798 394 7802 4838 8932 2552 6382 6621 1647 2915 5910
26 3872 9311 3836 3728 5303 7790 1983 3575 3205 2308 3757 4610 7970 7863 1739 3305 9698
28 6212 3163 1002 7733 3780 7443 9109 7415 9037 9852 2652 7428 7902 2858 9178 96 3914
29 8489 759 2422 139 1209 7134 3167 5925 6794 9807 2603 399 4823 9505 9957 5625 6587 9871 1749 444
30 7301 2893 1378 1624 9967 3612 347 378 7099 9356 842 795 1876 1204
31 5109 4020 7092 9249 6458 3801 5438 4636 3110 9144 4236 430 2157 8141 1230 8664
32 7546 1237 4530 8755 4985 4661 1844 8671 3498 9832 9242 815 4567 3232 8776
34 6604 3077 4450 1574 3452 3709 4513 9241 3639 8234 245 4501 3397 2604 151 7033
36 1923 709 1926 7806 6821 1386 7873 6046 9796 4631 8836 6850 8377 8333
37 831 6335 6184 2327 1758 4012 7071 8784 5246 857 4434 5006 3964 7744 9777 6061
38 6385 7093 9603 5338 4271 1713 1026 6489 4904 6109 3471 6285 7077
39 532 1534 8160 1959 7740 4765 5862 9299 9681 6305 3261 4232 7266 7751 6712 3733 6216 6198 7554 3958 480 5332 8030 660 8874 4277 6226 2074
40 5117 4198 9103 1238 1670 7860 3917 9751 2428 1613 3454 4414 7984 873 3711 9106
41 6934 1672 4196 8148 2666 9224 7941 1241 5906 7423 9421 7874 8099 5794
42 538 2464 2411 2467 3509 9266 6523 3403 5192 5995 389 7850 911 4812 6847
43 3265 6881 6327 7242 4032 7852 534 838 9829 4217 3441 131 1481 2268 9677 5979 3119
44 2836 2431 2125 5604 6165 6967 9718 6557 517 1874 7105 4483 4464
45 2447 5807 18 9579 5970 5277 8841 4670 1216 476 8370 7422 6077 3480 4622 4429 1112 2209 9510 7568
46 8494 6734 1871 3005 7404 5752 7501 8990 3493 5376 3764 6566 9343 2820 1522 3865 5090
47 5037 3514 1509 3582 2475 2107 6528 1061 302 2558 8529 2755 2260
48 1200 8361 5608 4189 5749 7570 7678 1750 4375 7335 1309 8434 2871 1799
49 613 5088 9690 4939 4214 4624 2474 8462 8159 7059 7924 6874 6202 5558 1934 8269 3731
50 6091 6778 6805 8934 3117 8641 2660 5768 7764 3043 5930 9667 4792 4184
51 9644 6613 5002 1305 1085 3786 1628 2113 6992 4493 3854 809 3013 130 1439 3800 7992 9191
52 6938 5106 2199 6021 7755 5047 5322 260 82 1517 9731 6880 3956 5015 2304 9712 6925 6208
54 6516 6049 525 742 3000 5839 2044 1350 2099 1308 9316 3703
57 3521 8553 5119 4211 2254 155 9805 2512 1981 5242 6247 5526 1486 1607 5636 6308 2873
58 1314 7949 9250 6137 7 1588 776 2730 4086 6275 4928 6714 9732 2677 1128 3326 8756
59 5324 9315 1747 6230 3388 7440 7261 4967 1041 5036 200 7538 2000 7912 9558
60 456 1595 2214 4665 4346 369 4284 7704 241 5071 443 7903 4234 7624 850 7772 7162
61 3783 8653 1185 4293 9704 1826 1583 4642 7662 4009 6418 3994 5992 2247 252
62 8889 8102 1353 4657 2320 4420 1751 761 1794 6729 582 7178 3950 4510 9638 5478 34 7965
63 3259 2042 162 6939 4352 8476 8251 2387 5988 2456 9099 2105 6798 3468
64 5507 6975 6608 8484 2611 21 9657 9114 1531 7896 8891 8127 8681 181 8018 560 7026 354 708 3354
65 4104 5053 7457 6144 1546 500 4209 7571 2753 4136 798 4315 9094 6771 4110 3453 6532 3047
67 9475 4909 340 990 2367 391 9831 5903 7037 9983 2563
68 909 7263 6248 7736 5677 9273 8519 6672 2630 1806 4847 1857 8105 8599 5638 3244 5095 4961 1651 8230
69 8134 5722 9169 3753 51 4984 1054 4396 9238 8572 4727 7085 3314 6753 3171
70 1119 3894 7892 8624 662 7855 7953 1183 2983 8363 2444 8806 4367 3921 4092 6292
71 7627 8431 6417 1872 40 9197 1443 9211 7559 8209 6132 2432 8988 9330 3704 1560
72 1032 9842 8325 3823 9270 9803 808 6014 311 479 76 2322 5501 7400 3334 5698 87 5029 7236 8060 6228 1066
74 4701 8775 1376 4786 7760 9892 4457 6499 8992 3152 6245 3974
75 5064 1297 6298 9252 6415 4593 3689 530 9086 6759 221 5712 9399 6188 6673 6656 7585
76 5762 9848 6445 1763 2584 9954 4274 5234 4632 2399 9031 910 728 4252 5622 4002 6718
77 3564 1897 183 8830 2617 8041 6387 3755 2885 3405 8820 9574 3465 8014 7307 7200
78 3818 3449 5465 8130 8986 3049 4294 3594 8778 1702 2978 3685 9557 5262 9600 2938
79 4576 5218 9753 5544 3434 2417 2057 2163 8761 4649 2342 4323 7722
80 2054 2090 1319 4619 2318 5635 4906 2362 6863 1416 7044 2178 8695 6625
83 6952 7709 805 6500 9108 5231 2110 2909 2008 5947 623 9692 3537
84 2785 5326 2615 1524 3007 9439 2148 2510 6029 6122 3222 9973 7904 7731 833 2486 6875
85 4981 7932 7319 5909 9111 6841 2187 2093 3600 8770 7084 1762 6225 3812
86 5392 4185 967 7783 4134 4997 5193 5624 3091 7933 6191 9029
87 2841 6408 3107 5436 7746 9375 2418 5248 8894 2295 9284 2334 1790
88 3817 8043 9872 4662 7149 2058 2898 298 6310 3681 5225 9465 5237 9956 3156 6295 2979 9480
90 6547 2643 9615 8729 8024 5040 5801 9483 6302 5311 3760 8699 1808 4787 7869 6577 7629 5838
91 2348 6373 8736 3092 6037 8976 1356 3319 7206 2460 8611 5098 8223 9518 8918 4912
93 3226 8818 1243 6565 9075 6498 1791 9604 965 4334 3278 6187 8605 7222 940 6639 3942 8958
94 5307 2144 8062 6119 6792 2528 2212 1471 9292 6648 8437 273 8028 2007 5111
95 7883 8275 5073 7718 9205 6140 5998 7233 4947 4801 6155 6899 9107 2648 6174 3943 1354
97 5715 5078 866 5473 9372 7080 961 1052 1990 215 477 2346 9275
98 9199 7249 4865 5766 219 7973 4101 3071 2853 4356 8980 3762
99 5062 3292 4270 4901 7583 7986 9907 450 2593 1080 1181 5639 6909 3146 4065 4336 695 8396 5448 188
100 1498 1192 3400 780 4541 287 7241 6426 4496 9830 9733 7384 4280 5921 3970 81 5294 6790
102 979 1610 5022 9960 6224 9673 3111 6709 2869 5727 8672 8074 9349 7511 5397
103 7228 6330 5310 2155 3090 242 8195 1040 4986 2605 6907 564
104 8467 1825 7880 9352 9116 4273 1921 6107 2501 598 7007
105 8911 8137 7240 7508 6423 3664 7219 4069 5446 9504 6970 753 3379 7918 8860 6201 9201 9521 4902
106 4299 5884 5528 1071 4165 1141 6785 7586 5889 1229 6708 8522 7520 3303 4590 8690 9025
107 9137 4956 8812 6482 6578 8798 7410 5066 6070 3254 4575 7921 3420 5814 2857 8391 1831
109 59 4991 3597 3937 1843 8495 1273 5963 8254 6238 3903 4499 9485 6550
110 4130 1215 9362 3490 7750 1581 2684 6084 8416 1397 577 376
111 9449 8709 89 1201 307 5872 5458 1557 7858 4071 7481 7198 5890 4825 8019 5180 1932 6357 7289
112 8409 4107 4680 7890 5023 8999 2292 8817 1458 3495 2543 832 5030
113 5792 1117 5711 8846 8309 787 1914 2273 5630 570 436 8358
114 5019 5412 3088 2704 6924 104 5181 9631 5881 7310 3437 4864 1488 8696 8617 3507
115 2415 6368 6514 2694 6677 3375 9515 4526 4500 2759 4544 9091 8677 5966 9719
116 4527 6822 8929 6141 1608 5381 8192 8354 2797 8145 1641 5592 8142 4884 5027 4056 6739 5767 3504
118 788 4416 2210 226 2859 257 3477 9659 7267 3583 2911 3700 8614 2756 8233
119 5816 2739 3629 2189 8237 4440 4778 2255 2663 2537 4686 7845 7138 9568 8538 5993
121 4257 8327 9132 5247 5996 2669 6067 1235 4803 3542 6183 1882
122 3239 4314 8359 9374 3663 5714 1199 3150 912 8121 5396 4036 5708 1414 8242 5887 4719 4437 8104
123 3929 3565 7321 3038 9000 4531 1125 9431 5241 2765 7791 7951 448 8686 6189
126 2208 5502 1058 7618 4976 5981 9443 1602 707 8930 6203 501 778 688 1051 5177 7142 2429
127 1759 9545 4348 9301 4311 6321 135 1773 5335 5746 1037 1829 7526 927 170 824 9073 2671 9965
128 6827 7070 1733 2570 2706 1292 2738 4628 5681 3626 8068 1256 4943 9309
129 9404 385 9286 3008 7991 7849 5571 7955 4488 3993 6486 690 7948 6817 3228
131 2235 3155 2258 9989 796 6724 9619 4222 8423 8337 1918 2783 4831 9589 7516 7318 9917 9036 5519
132 1865 5748 8365 259 4070 5471 8724 4705 2829 5593 5538 586 5278 5085 2523 1077 2929
133 4926 7482 2553 5961 9576 2139 3368 9174 4194 3320 2489 1290 1896 2692 3560 4108 1529
134 8994 3094 7460 7065 4289 3853 7639 770 4730 6454 6386 5370 2382 2293 434 2651
135 4084 647 9461 1912 1784 1721 741 357 3962 4143 5745 1561 8150 4504 2923 2612 8838
136 5546 4535 8486 2448 2971 6481 9230 4073 149 6260 4037 7262 755 7537
137 8128 8406 4846 2414 2384 1657 7243 1573 4308 3828 8587 9701 4473 4169
138 1329 8183 811 7282 8056 7581 8181 2974 5269 7607 5026 5483 4639 7287 8386 8371 6236
139 2952 5265 3263 7220 523 3050 9008 8739 9060 2768 4668 9044 35 6487
142 691 4969 5477 8711 5219 8410 4959 5459 9569 1909 2709 2773 6615 2439 6866 5764 4684 601 367
143 9606 7039 3078 2004 6494 7179 6087 7936 8129 4761 4327 9607 3796 5215 643 2932
144 2555 1500 4310 1227 240 8554 2441 7068 5627 3829 495 9901 1219 1877 9584
145 2522 1693 2892 8498 6914 1274 6961 2972 9261 1461 5870 7729 225 8440 3015 4178 4886
148 2240 7438 9285 1383 2488 6986 8832 6502 1405 9161 1846 1426 7346 9376 9843 6638 2856 6667 1043 6825 550
149 3579 9476 9397 4966 1171 102 8766 4407 5083 2316 499 6851 584 5041
150 2081 2515 5276 716 1589 5922 4 9066 5401 4669 3966 4616 1469 9260 3061
151 7153 638 3105 3135 4800 5776 8058 1951 9689 283 1448 3208 6982 5411 46 6581
152 166 8845 3144 6537 1174 5360 8803 1258 7379 8426 5578 9038 264 3140
153 2890 8298 8425 7109 926 2792 5289 5420 7946 5617
154 1173 3841 3904 3138 3726 7596 8885 9121 4784 591 7944 6649 2400 1562
155 3936 7734 6870 7517 6082 205 9213 7418 2291 4793 4923 7533 8380 5541 7294
156 1286 1233 8508 7496 8801 9621 575 7201 57 6474 2877 1593 3901
158 321 2995 3021 2840 6752 1157 148 9571 4354 7265 6990 4181 4053 246
159 2981 1476 9034 9624 4031 8280 1412 5379 4423 6051 4057 706 4439 4766
160 3256 4119 4321 3830 4365 1131 374 4679 5983 9351 2817 9298 6913 7193 3957 3114 1009 9758
161 7872 5822 7713 7327 6715 9594 8973 2341 5703 7691 3686 8461 7364 2846 7367 8601 9940
162 1830 7981 7290 9011 2540 8271 9420 669 2085 8906 2589
164 9306 8716 3108 9294 7365 2810 5389 4339 1849 3502 3510 2708 757 915 6178
165 7574 427 6853 4914 2618 8688 2285 637 9583 4503 3920 9711 1137 937 5948 441 7788
166 5134 387 7795 9723 6307 3271 9055 4587 8445 6372 6743 3338
167 8353 9649 1911 4845 6 684 3328 8795 7519 2440 9537 8512 6963 7462 8174
168 4199 7500 5866 9023 9995 4245 2764 2715 991 2679 4894 3641 1548 5351 4927 944 1712
169 5402 8352 6538 516 5824 8492 2239 5325 1451 2721 524 5809 3273 9791 4350 9159
171 7652 8321 3396 4226 5054 4791 6861 3745 3792 8215 9395 510 8227 2740 141 3374
172 3012 147 306 4804 55 6374 8691 963 9195 7960 1621 4258
174 9968 1184 5103 2160 9889 5339 8532 3756 8424 6022 7588 3599 3718 2866 1059
175 5527 3559 1813 7064 1149 250 3997 8897 2968 6352 9544 885 6409 7650 3054 5349
176 3316 6928 3353 6227 6151 9916 2193 4832 4594 2070 3884 4808 2465
177 3758 7564 7275 4934 4359 6024 2176 4441 2357 5901 4466 4788 7199 4696 8829 3576
178 7961 5690 4027 3556 2420 8289 7464 6306 3815 5327 7210 1106 6631 8566
180 3748 8799 7891 1365 7842 7759 8098 8593 7968 7752 1520 5513 3447 9493 8928 5797 5784 2412
181 2288 4659 3289 8769 7556 6478 2321 4349 6444 2574 9974 2736
183 8931 689 2188 3690 4448 7766 5587 2536 3041 3309 2943 9057 9997
184 4881 3695 2454 4129 552 1091 8855 3511 2982 1276 7407 7527 6366 8561 1661
185 2167 8649 4853 9688 2920 8089 6730 4233 1839 8786 289 5042 3909 1260
186 7762 2904 3843 4824 6196 4060 3653 5796 949 1658 4152 8762 8941 4974 3466 497 8596 6477 6895 9977 7861
187 6936 2134 1345 6876 2905 794 6616 1694 7131 5918 872 62
188 7920 2116 9444 3889 8549 4078 234 8683 7027 6558 7680 7023 9413 8053 969 9654
190 2621 7315 3304 3230 4024 4394 7408 2924 4010 6980 1332 8045 9699 3720
191 5160 5877 467 6519 3983 2725 2156 5892 7373 2223 2746 7644 1025 475 8185 7822
194 5545 9219 6637 9856 785 6488 5045 536 2119 5548 5826
195 79 5771 4326 3531 7172 3395 3492 1662 1187 9865 8700 6574 7670 6376 1452 3638
197 7804 1050 2781 5033 5044 6121 868 7030 1296 9931 8626 227 8917 3243 8533 7615
200 5736 2229 3797 9903 8996 5788 8839 5485 7020 3789 8300 5721 5169 7038 2745 4004
201 4508 452 8389 7602 2141 2175 8140 6403 5500 4698 1366 5057 2026 4357 2343
202 6584 4664 3977 627 6786 3609 4842 8689 8168 644 4159 6150 7741 5316 7191 9523 58
204 3381 9328 3631 6554 2005 63 5187 7977 6664 3925 2502 4591 2062 6869 2393 5003
206 4837 7280 3470 1063 1109 3323 8822 1868 9016 4486 6073 6251 7758 8763 8578 1478
207 4035 5709 9129 5896 2095 878 8222 1438 6149 6704 2535 1726 616 3630 8221 527
208 1948 5975 9602 3793 5811 2569 1327 7331 8642 766 1433
209 8584 2876 7244 6288 9385 6181 1418 47 4005 1154
210 925 1731 329 7998 5350 956 6898 9365 7323 1611 8164 7439 4671 1673 3842 830 8982 1835
211 4283 214 1175 7204 9041 9499 1889 6600 703 3277 1027 1372 3928
212 5005 1541 6479 6900 913 7347 5209 9925 6222 4106 9394 1364 9327 4957
213 6531 3606 4549 8118 3699 4666 6747 3019 1129 6095 7145 5694 7163
214 6355 8924 714 3362 244 6659 6286 2084 8985 8927 1924 8097 4877 6807
215 3975 6490 8732 6000 771 1341 4826 9172 6411 4948 1940 8077 8156 9146 7252 2897 8414
216 4855 1985 2416 360 4479 9236 3506 3647 9715 3207 8568 4220 6320 7486
218 8451 6343 4282 7494 6262 2935 5189 319 455 8950 7917 793 2562 247 8687 1950
221 4003 2580 9932 8107 9878 7372 983 4100 5212 1893 9750 90 7833 1288 3919
222 37 2647 8772 8065 1933 8609 3275 6362 1635 9348 5400 5731 5188 6210
223 2377 2594 8506 9730 4426 6158 4735 2705 3217 8807 3723 6802
224 7342 9828 5445 4322 5404 2602 1287 5525 4760 5366 1929 6092 8946 2278
225 6693 6510 8308 8935 2928 7609 9623 4873 8797 3404 9027 4368 3173 13 9881 5662
226 2355 4573 2264 5756 3905 6419 1847 407 1318 7231 6859 9187 7771 4168
227 745 6427 724 587 6294 207 1566 9040 1255 6661 2103 4034 9680 5666 3562 4343 1736
230 7799 7396 4361 9062 3109 1265 852 8725 7889 5283 9713 6143 2760 67 9233
231 4598 4514 5333 5455 3978 6617 5989 8080 6398 5773 656 1138 8418 5857
233 2576 1121 7358 4540 2305 490 8135 1925 3961 3380 8108 978 8095 4994
234 4302 5869 3445 2114 781 4255 7090 1285 7116 9264 8933 6439 210 5700 6945
235 8015 3650 625 6369 9816 5875 6846 700 5655 1680 9279 2468 5540 8292 4757
236 9243 1263 4105 6569 8809 49 7649 284 5049 4397
239 1172 3352 692 2517 9302 8595 9993 2335 9208 174 3759 2865 8267 2741
241 8179 4618 6920 9904 7270 8942 5493 4762 9617 442 3072
243 8893 5684 2052 7754 1890 2059 9305 8488 8540 8381 2151 3022
244 8910 6692 143 6244 2718 7359 1543 4139 5832 782 8182 395 6949 5689
245 705 3651 7434 8312 489 3727 1740 1151 9780 3216 1537 7190 2798 2171 6680
246 3074 1691 2106 8493 1180 671 2518 9050 308 1765 7205 3348 4608 933 6459
247 7881 5387 3269 1217 9340 5609 9333 3153 8075 6530 4388 9665
248 8125 1211 6831 8863 974 7455 237 7840 2177 7221 9051 1246
251 3543 7135 8998 2094 8027 934 4673 7338 5531 5683 1101 2183 8022 1065 5323 9409 2161 8698 626 6390
252 6345 2848 8444 6428 5726 4404 5012 4167 749 2329 8844
253 2986 5899 528 4810 1715 1155 4597 486 6662 7839 3246 3811
254 7542 2038 3414 7749 5939 7899 4675 1269 9740 1796 4554 5547 3625 6250 7694
256 9632 758 943 9702 2623 8276 8936 4141 6801 6354 433 3666 5849 9014
257 8341 2590 6296 9005 2476 9085 1142 9923 9947 9164 6567 9141 7522 6688 7807 2392 1962
258 4215 3100 8879 8076 4249 9863 1074 6416 3725 1612
259 1347 7608 9198 9283 6039 4653 5845 3315 5258 88 1623 7293 4647
260 9966 154 6470 8003 4261 3708 4592 9477 5795 3283 5318
261 9608 1337 846 3525 5696 783 9118 9924 8914 8379 2462 8029 5149 6570
262 2340 3188 615 6297 7894 5052 8600 193 5535 7879 6829 4965 2096 557 5171
263 4490 8468 1079 3057 4131 42 2710 9130 8960
264 7707 2407 4512 5065 8631 8862 3588 3398 1905 6180 1068 25 896
266 7095 8898 4697 3264 3876 7692 3220 3691 9151 6278 799 7780 2485
267 4216 9930 1496 9628 9540 3895 895 8285 3231 112 2526 6068 5699 5730 2010 7106 8531 3870
271 2925 3401 8843 6441 9442 7687 6696 5567 3989 511 6466 2162 9414 1339
272 2788 352 4244 8904 3101 7487 9138 231 3450 1472 589 5706 9697 4844 5444 9548
273 7397 6219 323 9490 6172 2037 332 2360 3172 1568 4456 7239
274 8793 8539 7297 7056 8978 3141 7971 5982 4547 3549 2001 2452 4142 7996 7291 545 8881
275 6586 8212 2225 874 5138 2413 3541 2737 5878 4008 8514 4470 5583 6341 7378 8282
276 1729 9436 48 9913 7598 2907 6543 3356 9056 9765 3637 7541 4843 3056
277 8146 3586 8193 810 9896 2164 6605 9636 7816 3986 9793 491 685
278 5880 893 350 8618 9585 7150 2703 1033 7929 425 2041 6391
279 9938 2572 6951 22 8785 7161 8013 8091 3987 6666 7688 7868 7553
280 7121 5386 670 551 9764 3342 1845 7217 7049 4869 5456 3804 7942 8364 485
281 6179 8153 9656 3004 9410 9310 9282 3754 6782 5150 3750 5352 6765 5810 1164
282 7295 7183 2121 8722 1134 5097 4958 2598 7456 9192 9251 1342 3693 2483 145 7324 322 8789 8503 9498
283 91 7376 1218 8392 7202 4172 2990 822 6163 8583 3476 7974 1402 6908 950
284 5951 7630 8176 6104 5232 7509 9020 7561 9895 7034 4355 1387 3845 6507 3331
285 5432 3377 6105 3879 7653 8032 4888 9226 2012 8124 4809 3030 3393 7075 9451
286 445 4811 9820 9976 7369 3052 8342 4317 1930 4041 632 9239 324 8908 220 9175
287 1247 9015 5702 2396 5336 8528 8238 7884 7194 4715 4079 7028 8580 5566 2192 4402
288 1482 862 4672 2497 3927 4373 7014 4667 1542 2069 7314
289 447 6635 3794 3719 2786 1453 5819 960 5942 7747 1097 4201 7459 5442
290 9846 4776 2238 1630 2650 7078 1904 3333 5973 5867 4962 3627 3601 9633 4893 3880
291 7893 316 3918 9358 2791 2844 9549 61 3890 667 1986 9761 1850 405
293 7429 4128 6609 8612 4773 6424 737 2197 2499 9488 3487 8210 1147 8304
295 3390 7036 7597 8401 4376 8348 5292 6956 8466 5363 5678
297 3432 1655 8411 786 9985 9645 7442 5488 1045 7006 2073 8020 164
298 4475 2198 9990 6879 5576 7278 7052 8253 8552 157 4654 265 7848 8220
299 9739 6932 7187 5569 8740 1158 8114 6921 5096 5605 975 1067
301 6953 3406 7798 6495 3482 2375 5855 6016 7050 2731 2021 4720 4783 5060
302 2961 2284 1705 8842 6351 710 1023 7333 5597 4111 3976 2800 9961 8987
303 400 9573 1800 5245 4866 8658 4603 9235 9824 2224 1563 1445 7787 8610 3491
306 9006 8816 5931 2870 6234 989 4555 2591 5428 2055 1124 4246 5645 194
307 966 5076 2599 8336 9926 208 9755 6338 4047 731 1094 7808 3068 5129
308 4377 9738 6849 5203 1711 3147 6526 5802 7604 2707 7625 9532 1036 8331 4637 8136 3241
309 649 7914 6750 2170 4709 5789 4254 6564 8010 9127 2900 2577
310 1177 4149 8180 6904 5173 1047 3572 8478 2213 7696 6232
311 7699 3604 6425 397 4978 8339 9156 3649 229 5114 9795
312 8465 697 2056 9495 1162 4876 9798 633 3524 7432 3628 5724 4546
313 9064 535 9234 1761 1803 1042 7525 6969 5369 3827 1622 5118 2339
314 9735 8794 738 952 7474 2837 4320 4626 5610 9933 1391 7837 8086 2286 8621 7536 5186 5675 5997 30 2867
316 3660 1625 603 9434 9857 8446 2150 9361 4918 9115 2693
317 5950 2356 544 2638 9582 6480 3201 7505 6186 6438 4916
318 9280 2378 9281 4879 8877 402 8518 3787 5555 4080 7185 4344 5661 4494
320 5737 1415 6451 8515 1425 8707 4123 5482 9520 555 2998 9767 4687
321 897 7557 2146 3086 5105 2424 7647 1086 4309 4001 5257 152 99 2674 9463
322 138 718 2361 3097 2014 1491 6563 6860 9914 3803 2405 2025 3312
323 3308 9625 7725 5987 736 4081 1019 8977 3732 583 2294 7781 8147 4577 3051 118
324 5055 7096 7062 4225 3044 2039 3112 5136 7392 6503 7148
325 9757 137 8669 1779 3791 217 2735 6671 6814 977 1957 416 3422
326 650 3158 5390 1640 1120 1191 3835 8824 6553 2714 8788 2606 8375
327 1639 5340 7298 9277 105 1161 300 1798 6867 9454 4638 1837
328 629 3910 4615 4648 790 2484 7975 7425 3926 5430 9742 1281 4987 6473 8106
329 8252 5449 440 7061 5140 1277 5279 9818 4048 5375
331 3548 4767 1710 3003 3238 7507 9325 8938 5958 2567 6089 908
334 2635 8224 7435 8263 4820 7530 2628 947 7504 5353 8754 2032 1264
335 20 5723 2828 2064 2729 1070 1942 907 5938 9921 6074 7620 3871
336 4340 1979 2835 5520 8218 7993 4412 1917 1351 8598 5584 9206 1745 2330 936 465
338 4699 2242 312 7980 8290 3772 7209 7663 9467 8344 887 2274 6272 4517 2383 8744 2661 7708
339 8005 5618 6958 6611 7088 9789 9053 1720 9371 4867 5418 1208 9908
340 2265 8293 199 2222 1250 7141 5514 6741 5876 3908 513 1609 4703 5492 8675 7048 7698
341 7055 2219 8702 6839 3995 2480 7104 7313 3682 6407 5940 9984 6946
342 3532 9370 4312 8035 5898 4132 4797 7451 4467 9357 6719 5481 5286
343 6632 4772 3555 109 4963 4160 8151 614 9749 8378 7666 437
344 4447 2970 5515 3184 8952 5729 5406 7796 6815 2296 8856 4144 6057
345 1973 5039 9760 4188 7591 5805 4148 8232 1231 9591 3174 8651
346 4331 6336 6465 7018 8854 5431 325 6282 2880 4127 4605 3738 8743 1512
347 1454 4506 5132 8111 153 4007 1991 9876 539 6028 5841 8674 946 828
348 9184 5185 1528 9745 5657 52 9189 8527 848 9162
349 763 8157 3344 7012 8287 9412 4880 9131 6954 1166 7989 7844 9384 5580 8814
350 7300 2774 6658 4798 9815 3219 5705 1113 1515 4461 9590 8357
351 9415 2153 224 2272 3391 8231 9850 9255 9354 1370 3064 7665 8257 4068
352 2203 2639 2500 8081 6102 8790 498 3916 1003 7841 7411 3360 3121 726 3431 6903
353 6844 8905 6257 6457 9650 6780 8550 654 7043 1360 4507 7610 9341 548
354 3982 668 2757 8277 2673 7512 4166 392 3593 7254 8394 5014 559 1505
355 1743 1686 3089 8713 3898 8367 3120 5298 3922 5785 6268 2166 1833
356 7605 5611 8907 7636 5163 8868 4497 7911 72 8959 3873 9381 2559
358 2221 6148 4133 9218 7302 3805 3868 5642 3743 4750 9992
359 6974 7682 5601 4646 1373 2115 6446 9725 9994 819
360 7870 9426 4739 4860 351 310 9223 2814 9386 3822 675
361 3023 4579 9979 3656 1709 9120 8684 6597 9378 9893 3279 8270 1931 7004
362 1963 3610 6592 4406 1291 398 2317 5063 4498 8728 3290 2728 6555 8887 7260 1205 9822
363 8630 1145 7234 9254 4595 9641 9035 3065 8535 2404 9864 2926 4898
366 4278 5434 1753 5484 8591 2426 9626 5183 6653 7311 6670 840
367 3751 2158 9487 314 1392 7304 9441 1108 5728 230 1851 3416
368 3877 6190 165 3133 2548 8852 7723 886 1553 5861
369 7803 9802 7815 861 7717 6703 1457 1377 2965 5530 3611
370 6340 2128 4264 7053 3839 5503 6115 4700 4260 9563 651 5904 3343 7820 9640 4379 1257 1706 2184
371 7394 2398 84 2875 541 3251 1523 4063 3856 7560 3665 8517 484 3785 3081 334
372 2962 7938 1994 7211 4045 4732 7710 1313 2634 7174 9861 4285 8051 3795
373 1935 473 5508 5691 992 7712 1357 7590 494 4269
375 4145 8092 5361 6323 2583 3165 3127 7426 7214 6755 6047 5868 6099 2122
376 5943 3897 4126 8805 420 9682 6453 2646 438 2030 8738 2852 8482 2994
379 7997 8890 406 9202 4650 6593 1320 2373 8243 7218 8087 4077
380 5848 743 2196 4908 6483 9522 3971 125 9271 5740 5155 1222
381 5135 678 1802 3520 9054 4905 9736 460 3646 2079 2244
382 3642 115 9809 9043 3533 2597 9124 2942 6246 1444 9186 7449 6464 6590
383 5290 372 9222 3025 5304 5968 1307 1283 2427 6915 3596 100
384 9519 1878 1941 971 8746 7835 9517 727 6431 4644 5182
385 5497 1020 2645 2825 7728 3746 187 3363 7871 8189 7614 7082 413
387 472 1899 6728 2959 4509 9734 7226 4872
388 6840 9353 4243 5356 4737 9855 8360 6213 7757 7002 5113
389 7693 569 6645 3032 9012 6891 6836 8161 3551 4399 5004 3863 9393 5596 6421 295
390 6044 6177 4769 3364 2066 876 5050 108 1384 6157 1735 2345 3213 1150 4259 6588
391 8186 5793 9821 3911 9922 5312 1781 5911 948 7982 2516
392 8880 6856 6081 2554 8635 5829 2767 3683 3567 5607 9503 8513
393 9724 4383 38 712 2777 9322 2491 2819 4717 4572 8049 2165 1495
394 8542 4973 3126 5798 8009 136 7299 463 6504 9509 836
395 1902 2530 7824 5692 7192 4112 6269 233 1775 1903
397 2142 8217 1340 3859 5818 3528 5214 9785 6698 7672 4054 6129 3657 9637 5152 9440
398 7990 9013 5156 3285 2003 223 3662 7073 2894 8011 5355 7606 3301 2325 5457
400 3336 9948 6669 7659 1719 8920 3225 2298 4600 7888 9720 5439 8178 1937 4689 2954 75 5383
402 2 1774 7165 6396 2719 3806 767 16 6968 4515 6995 343 7337
403 6020 8606 5308 9782 5552 4351 216 2749 8509 9377
404 7706 8303 6334 468 4386 6449 6116 5532 8974 290 4929 6496
405 409 3079 2434 6737 9003 2973 8362 4465 92 6627 1436 7008 8255 6855 1535
406 9687 7539 3968 1552 5317 3634 4596 5833 9402 86 1760 8259
407 9428 1988 4021 7654 1987 973 1960 574 1449 7779 1821 2854 2601 3349 1130 8800 882 1858
408 3037 8644 3371 5251 2505 9684 4342 1031 6002 1000 9396 9323 4266 9346 1242 6324
409 8731 1853 2311 6551 6350 8896 3503 8319 6607 3496
410 8202 7216 1489 9256 4444 5883 6883 4018 4920 4570 6311 3684 9425
411 6534 8571 1866 6918 6799 1834 5949 271 8450 5687 730 1532 8900 3680 6683 8947 6812 5780
412 9363 328 5719 3939 3716 5007 6684 7445 5695 2902 9004 7895
413 1939 9355 5143 4691 5945 411 5959 5830 5125 7657 6823 6001 4382
414 7123 6429 5184 9771 8899 2855 7476 8399 5900 5842 4295 8623 6509
416 5093 8332 1972 1992 3073 7169 752 2794 2600 7945 9112 6568 5086 6973
417 8693 1881 9278 5230 2690 8926 7180 2807 7573 1665 6964 2423 955 6301
418 7642 7072 4042 9531 4442 5656 1576 2394 8866 8639 2717 8562 9133
419 3945 4625 2842 694 9418 9039 6701 5977 2344 6434 3345 4364 2656 269 3675
423 9244 3622 7939 6153 9743 8343 9779 3186 3409 4688 9287 6544 2544 9332 5934 6922 7040
424 6166 1409 4643 457 3882 4552 6717 6769 4256 3258 7389 1282 3673 2539
425 7063 4161 843 9347 871 6377 652 7818 4218 2723 1690 7159 2775 9580
426 1752 3883 1892 5851 5846 3272 449 606 2944 7784 7177 6552 1953 6071
427 1956 5450 9335 8323 5320 1430 5122 3553 6521 1034 6436 4560 2194 211
428 7257 1570 9891 4627 7817 3485 4091 2668 2173 2529 5937 8753 622 7521 4150 9898 9089 1510
430 3211 5365 9746 5422 7593 3932 4028 4210 33 4117 3846 3769 4468
431 3229 5089 2587 2906 663 3802 7950 4755 6930 5755 7325 6858 6195 5162
432 760 4913 9911 8634 401 5674 7292 1278 5287 3623 2301 4586 6940 9290
435 7152 6384 5589 7380 3621 507 7905 1782 9481 1335 253 3102
436 683 5441 600 8345 5301 4099 4212 6676 2750 293 4561 2527 3900 8274 1179 4224 9212
438 8240 4749 6926 7399 3821 7477 1822 2511 8430 5825 5652 9845
439 2469 2985 5104 4385 6733 158 5426 2082 4197 1638 251 5240
440 6772 7545 6263 5718 5385 1591 1600 9179 8428 3058 6380 1213 5342
441 9030 1182 3707 6594 5761 2659 6525 1220 4537 8921 2879 7847 4990
443 94 2027 5815 1525 3370 5914 8448 5074 6442 789 4580 1479 3249
445 7277 3557 8261 7103 9836 410 636 9870 3467 6406
446 1984 7115 469 2445 9551 7303 73 4124 2682 2168 3603 8200 8169 1315 5852
448 4341 7599 3159 7569 8480 272 5646 1169 2190 6804 5840 6598 9794 6731 3980 567
449 9543 6606 3181 3386 3337 9565 7351 3383 1855 6971 249 5391 2913
450 9635 2226 4487 2108 9882 1564 7147 621 1167 7866 2541 5553 4433
451 7513 8835 2211 9046 2263 5554 597 5321 8748 349 1572 1385 7345 8078 2513 3463
452 4606 6705 2403 4660 5358 578 2350 1310 4754 3236 2624 335 2135 7350 4066 5164
454 393 1111 2818 3260 9207 1076 14 2937 1888 7612 6205
455 6484 6254 1867 6994 6843 5043 1544 9134 9221 5707 4935 3875
456 9478 9598 5643 6360 3048 1223 9245 1900 2627 774 1362 2455 3361 797 6539 2565 3706
458 1176 78 5437 905 8867 6113 478 267 5141 4324 9026 826 1615 7857 8038 487 8579
459 6035 5126 8925 95 1954 5474 1007 9943 4794 1363 7258 6833 881 270
460 2457 1885 5131 4895 4228 696 182 9220 1095 6842
462 6258 3415 5779 8937 2561 9769 4775 7773 605 4482 8834 6100
463 9653 8625 6763 4742 4960 6114 3274 5534 4072 6413 1734
464 6492 8888 6469 5399 6304 3175 6313 6012 1967 2202 8279 1580
465 8055 1122 1838 7102 3066 8570 7495 8742 1168 5933 5070 1969
467 4115 3481 4996 5912 1014 8826 6218 5594 9500 6031 5895 2401 4780
468 3234 6332 286 2532 8149 7330 4121 2654 1082 1643 5108
469 8256 719 8433 5772 9171 6233 3183 2957 6941 6651 9643 3840 4693 124
471 5498 6331 5239 8547 126 2112 7947 1907 9817 110 3965 3299 5378
472 6871 9438 4685 5166 699 8025 870 641 4620 6643 2419 3093
473 7336 9473 2964 8530 6053 1997 7834 8306 1952 9804 1757 5409 3438 2956 9952
474 6810 190 9885 1807 661 2252 4907 7930 5329 4093 2388 6650 3281 9596 8442 9380 2531
475 6064 512 5348 2778 8751 6767 9867 8315 5453 4796 503 5758
476 282 6283 2234 1464 2670 6517 6641 3933 2550 8721 825
478 6727 5917 829 6214 879 1805 8245 6803 5616 1920 2083 8723 6691 1901 802
481 1490 4728 5659 2685 3864 5570 9087 7361 9768 3215 8268 7827 1225 2463 4238
482 4251 5408 5676 9045 2519 6138 4745 7232 7637 8714 8084 4857
483 4629 6404 5936 5425 7648 1427 9555 5517 611 296 8659
484 9669 657 639 5573 5964 8090 2270 6512 2006 8350 159 729 3276 6197 7616
485 1293 8883 9971 8685 10 8859 4566 8510 4683 9231 6685 6742 7213 4360 8188
489 3262 998 1737 6931 4484 2700 4088 228 8916 7154 7110
490 4316 1685 4799 7987 5854 421 1259 7567 8398 8167 4162 2436
491 568 7925 44 356 285 1374 4011 1403 6997 3761 9550
492 1810 1083 8622 9433 175 9564 6933 9229 7686 744 66 1440 1695 5253
493 6011 7915 8265 4752 8710 9784 39 299 5371 8194 1915 8912
494 50 3203 8069 3297 5280 9696 2408 6527 1908 9660 9470
495 6249 701 2811 6612 1978 4055 4033 8207 6524 5228 5693 7402
496 8387 7025 7326 8004 103 1616 640 1139 8581 3408 1504 3192 5056
497 5293 6316 585 8787 2275 9047 817 6652 5586 9570 7229 7057 6623 8582
498 6170 5305 4551 8819 3713 3002 1518 9849 2028 1656
499 4789 1898 3115 867 3996 2578 1860 9258 4049 2834 7865 5654 7473
2 3963 4822 8405 9918 9021 5480 7823 8196 7814 9909 5196 5831
5 732 358 5619 7467 3087 8404 6560 4114 7638 1599 9887 1396
6 5216 6452 2863 2640 9609 2940 6655 6991 9854 5650 4896 8720
9 9007 6134 7133 6042 5860 9955 3992 5682 5195 9214 6139 9838 3080 7898 2657 6062 9398
10 6762 7256 7851 4074 7405 4569 338 526 2009 6094 2359 7366
11 4170 756 7452 7497 7223 1477 6720 8190 1380 6318 9317 6999 6748
16 4721 3722 365 9991 3658 1046 2061 4204 4242 2698
20 7702 2966 2228 8441 1062 1302 8471 4583 775 9167 5565 2607 9173
22 6811 3552 2711 9575 4528 5489 9063 6475 9741 7679 8463 7042 751
27 4223 3010 3776 386 9248 834 2131 2297 5069 8828 7737 8473 9496 8335
33 2608 7285 7224 176 74 6675 6491 7463 1913 7510 1961 2191 3317 1841 4890
35 6966 8970 5579 2882 3098 9581 8244 6075 595 6536 932
53 4559 9671 7448 693 6923 8316 3053 9655 3423 4532 7655 4401 6123 9391
55 8750 9227 8804 8483 1555 2470 7471 6622 1507 9367 6819
56 3734 2747 6175 4180 6545 3199 8909 7207 6393 2374 6447 6437 4137 3561 2784 3125
66 3885 4156 6394 5835 2147 8524 806 7010 3931 4858 3060
73 9350 3781 3848 1352 4840 4995 5543 7021 9403 6370 3969 1053 1081 2681 5671
81 980 5421 133 3896 1012 9899 877 7308 5440 6038 1538
82 2277 1367 2662 1467 2048 3670 4938 7013 2686 8072 1786 3535
89 238 5651 1550 547 276 6401 3679 7250 5487 345 1428 4953 2022 8831 6069
92 5924 9265 5475 4971 6630 7821 1021 4633 3953 3998 6699 4474 4372 6674
96 1289 4046 5980 5261 7742 1754 722 8001 7499 6059 2916 5836 6784
101 3106 7999 7276 333 315 2352 9077 3318 5679 8666 7631
108 5704 5091 540 6160 4043 9639 1567 5856 4446 5249 8419
117 4313 4558 2307 9228 5077 454 4731 4611 3024 4609 7935 2644 6818 5777
120 4176 9065 7633 9435 7626 1642 6388 403 6410 3538 4946 8652 5415 1772 5259 7485
124 6326 3981 3819 8044 7681 2029 6791 7856 3446 8923 8008 4774 2124 9559 7247 6045 2446
125 4924 4247 5504 9786 9556 7454 3322 4925 7101 2372 5368 301 9152 1234
130 7628 2076 239 1295 1585 1195 2830 5121 610 2622 502 3547
140 1358 2395 3176 3474 3280 6241 6328 8882 7792 6381 2040
141 6535 6518 1186 6766 921 2514 9295 8968 9019 9969 8417 6916
146 3233 8703 8576 1251 3620 5144 9168 4663 3099
147 2366 2976 4695 4521 820 9935 1132 2471 9766 1206 5288 3946 6259
157 1521 4785 4276 9970 1359 4030 3247 2259 5750 8840
163 1299 3 679 5059 5470 8457 6036 3020 7934 7926 7506 2232
170 8491 8949 8248 5443 336 6033 5965 2752 3948 4305 617 7969 5297 7356 8673
173 7288 123 2727 355 1577 5572 9268 5112 7087 2827 4221 7700 1859
179 5999 883 8989 150 7390 4387 1704 7877 5068 6582 642
182 3677 1741 4301 9 1594 6003 2716 168 6358 2287 4491
189 6063 1371 7683 8871 6591 185 3365 7238 4253 7535 2266 2206 9806 8919
192 5778 5359 8294 6493 404 9313 9808 2449 9747 4229 3190 3195 6576
193 7387 3766 6687 3774 5672 6060 8439 6808 113 9445 4417
196 5038 4870 5747 1971 1648 2319 4525 5159 1698 7701 9592 471 4937 417
198 1413 5668 1601 3752 9215 6981 9216 4828 366 8093 4574 5581 7409 3439 8563 1718 7041
199 1375 2282 9471 5101 4039 5494 8415 8962 4345 9472 4529 1272 32
203 3376 116 8848 8246 4175 1644 8278 8286 5319 2111 1244 2665 7727
205 4431 6206 4584 9666 8638 4445 3967 1597 8507 9542 3951 898
217 7029 5882 8474 5263 5384 7136 7381 9586 5142 1084 8373 9964 6147 5894
219 412 3240 2016 579 2302 7695 4568 180 1102 3934 7126 5110 985
220 863 8670 8577 1401 4523 4472 4241 8680 6117 5813 7484 522 8017
228 5429 1579 2269 8645 7786 572 9182 2953 7594 1044 5660 9722 880
229 8556 6644 9646 7634 8070 3869 9364 906 6716 3595 5082 5725 8100
232 3672 8997 3782 9502 5330 4747 2891 5763 8002 4614
237 9010 197 5865 4563 7203 1017 3589 7086 1 9093 3837
238 8307 9762 70 3456 8915 6309 2080 2033 6541 1336 3505 7769
240 1056 2720 1271 3266 2771 7393 6476 3300 9937 2034 6271
242 8585 8133 4562 5522 1424 2097 7417 6223 2951 5647 5551 364 1554
249 9181 3886 2332 6816 2100 9090 1226 3486 8782 5871 9686 1212 4193
250 7739 1270 6511 3867 2850 4449 9906 9061 1976 4635
255 120 3923 1420 5905 1432 3270 3729 3771 1776 6781 8456
265 1348 2653 2732 2525 8320 4977 3104 3862 8851 8984 7316 8811 954 3134 3160
268 8284 1614 3539 7976 2629 5194 9419 6800 5468 5035 3813 8063 5893 4954
269 8864 4539 5072 6889 7673 5960 713 2826 7761 686 9661 664 5913 8708
270 2744 8608 9110 9512 1133 9071 6287 7430 3717 2324 7173 1016
292 5099 1664 2256 3608 4380 6556 666 987 1008 2787 6018 6359
294 3475 6540 9823 6828 7831 5743 648 2186 1462 9135 5710
296 6686 7684 1687 7215 3178 9819 8131 3814 1197 2538 3307 7125 3059 1780 4941
300 8499 9497 111 1188 2680 7245 4748 8313 8586 1423 6865 9149 2237
304 9453 2368 7003 7956 8455 7641 3327 889 768 4882 7619 4764 7491 5201
305 4458 3310 5751 8870 2249 7164 3833 1123 4582 4419 278 3697
315 7811 3284 2496 7016 1836 5146 8094 5536 740 390
319 9837 2391 5713 1334 6252 1064 1394 134 3210 9083 9797 7862
330 6131 3714 7176 6072 9291 3298 9642 7334 6770 4109
332 7794 3443 1820 7212 2129 4711 5145 2683 6887 7083
333 6303 3902 8113 7060 160 9897 5382 3494 9166 8733
337 4806 5254 3177 6919 779 4098 3767 1262 733 6633 6472
357 1022 3191 6838 4887 1349 9707 542 6050 4910 7253 9775
364 9406 2980 9814 4807 4889 6987 4827 4741 7979
365 6054 6402 2941 7658 6497 4805 5623 7549 6787 5591 2063 462
374 7720 3513 6106 7937 1306 7468 576 6835 1407 8662 7349
377 2262 1968 4542 303 5362 5270 6506 624 7015 2458 2991
378 7413 734 2385 858 7069 8429 4694 1792 7493 8858 9185 1323 3042 6460
396 2118 3394 177 5564 8046 4850 1475 1398 4250
399 7836 4418 2571 15 8101 2769 9601 9383 8544 3831
401 5932 6962 3164 1652 3581 6078 9344 3775 9593 1551 1114
415 2217 5874 6533 4714 7867 370 4347 9835 1480 1140
420 2864 9920 5080 6549 6885 5416 7151 8071 3130 6112 9754 9088 4157 8995
421 4613 4602 4022 1755 5000 2143 1118 2633 5941 7117 8815 9535
422 4203 4286 5537 923 8972 3069 3979 9136 3617
429 7268 5891 3529 8878 792 860 7436 5491 9176 2174 9534 3313 132
433 4815 3330 5753 4630 7197 8236 7819 4612 5172 6722 8636 914 4878 2958 3497
434 408 1817 8501 7756 196 901 9450 8170 9709 7317 3425 6468 9048
437 5291 2947 3154 348 7124 5413 2504 4318 9839 3550
442 3959 5902 7107 6356 1869 5533 5227 279 3311 9678 7005 122
444 1728 9052 2281 7079 2542 505 5128 3615 592 482 8393
447 2724 218 5499 29 7743 6542 368 1301 8402 6103
453 8760 8054 5433 6906 8574 3095 6732 7922 8138 8037 1682 2585 4481
457 5490 255 5915 4725 3257 77 4231 5208 4651 2498
461 4333 9663 3067 9728 9459 6893 5051 6777 7158 2299
466 5200 7286 7089 8061 2313 8861 7461 3778 9988
470 4771 9858 1703 3618 8413 1316 4177 7558 7490
477 1429 1328 9936 9945 1039 3655 1506 1936 4813 232 56 4802 4015 9710 1075 687
479 8663 2614 9042 8201 854 7589 8412 2289 8397 784
480 8767 9407 4438 3479 8436 2376 4640 6996 3530 2207 8203
486 6978 4970 9553 813 4949 9674 4471 7259 2955 1268 1569 7952 8706 3747
488 6083 4645 4290 8260 6229 3018 8205 1072 7144 514 2545 7826
487 1252 2410 8021 8939 6834 7617 8847 3227 5957 9447 9999 5151 5067
386 6101 8967 2895 6211 3820 2566 6314 4390 9599 972 5092
