100
2 8 0 9 2 7 1 5 27 14 3 4 28 6 3244 19 15 11 176 126 2264 37 21 13 17 20 16 23 65 12 10 22 184 62 18 30 148 72 57 35 38 58 356 24 3756 74 193 44 102 131 26 114 41 253 797 25 56 3106 3774
8 1290 1495 3198 1089 2700 1388 815 5499 1287 4997 7498 4349 5367 1440 2741 4525 1780 3453 2902 7218 4864 7537 6628 1327 3818 2572 8528 4520 3692 2857 6016 6809 4475 1343 6404 1611 2140 3266 2573 4703 9553 3517 3467 704 2244 5110 8156 9765 3205 5472 8215 9030 1632 4320 1765 3747 848 2270 8080 3311 5515 7292 3357 1207 6361 6072 3824 2421 8366 6478 5285 3726 3225 2329 788 4885 1980 2758 4554 1735 2231 2061 3361 1403 7269 1472 7033 6609 1581 5627 6761 821 4116 5247 9066 847 8099 3996 7798 2608 8508 7110
22 2848 583 5926 139 236 7624 78 303 164 82 224 32 9517 158 70 977 34 33 40 73 3477 389 1122 50 161 299 268 46 47 39 123 49 751 1888 731 198 59 66 75 87 2402 76 64 1756 118 115 909 240 5990 6379 207 1930 5661 1070 5659 5985
27 2060 1954 2591 3684 3923 1604 919 348 443 122 101 487 552 5150 849 228 409 3248 124 327 256 3514 221 244 995 9502 2198 6668 343 1365 5860 8454 1522 694 6337 4510 604 4978 417 680 739 2841 9572 293 631 373 2116 415 619 4820 2304 4962 5209 2717 5295 597 352 523 750 320 1117 8334 411 7753 322 376 901 1721
67 155 5921 29 36 54 84 31 88 110 103 51 873 48 285 53 140 1434 119 342 81 178 671 71 494 1387 300 3389 4023 77 659 8450 85 149 91 144 105 3441 2383 4768 1171 94 111 684 218 136 2208 979 3767 377 9886 6138
73 686 2659 1307 8034 5621 7518 465 1284 769 2187 3708 2579 3826 6234 6057 2538 5124 423 317 864 7211 1110 6188 1484 1845 3791 5598 4388 1666 3166 916 5838 2006 5522 648 407 7384 9993 2377 1055 1669 5034 7267 2869 1751 639 1057 5432 1652 2201 1518 3855
89 485 867 914 2120 3483 2177 1200 5350 646 9054 896 2685 3470 205 436 333 7548 1134 2503 636 971 4537 7584 866 733 1562 857 1966 6238 921 5333 4618 658 1048 2425 603 2374 1033 1480 2639 2692 5643 1733 472 1529 8139 477 605 1340 9514 2019 1711 1847 6335 3137 837 1358 3139 8978 1172 4140 1322 7777 1948 4115
58 2153 6604 720 4977 850 1809 1132 9894 5546 836 2707 641 5031 1004 4329 381 7013 4317 2163 550 745 7389 1423 3540 1914 471 1768 1030 1804 2726 2985 4895 981 6756 1301 528 2823 581 456 2582 7774 1626 3911 1961 806 5225 9485 2305 629 1067 1083 1086 2417 4021 9824
80 968 404 1572 442 2780 3457 2614 1065 585 257 3591 2825 422 6979 214 1174 365 1369 1862 400 287 762 361 4807 2229 1584 4188 990 2683 4507 1012 6347 5268 593 1320 840 2063 1608 4022 9335 553 6616 7147 3613 3204 1020 1911 4859 571 601 3598 3796 1808 2134 4863 7908 4819 814 1971 1141 5404 1834 569 3807 1454 1690 4099 6607 3239 9657
15 138 69 63 1263 61 55 725 329 316 42 290 60 52 97 709 112 86 157 5482 737 330 43 90 301 92 95 9365 1679 147 1597 125 331 206 4841 5959 2291 67 1270 915 68 1506 231 632 957 98 106 89 245 1656 183 375 109 108 6459 170 510 1790 143 513 273 7117 7585
33 482 6656 6698 439 2521 784 2444 3053 1114 9933 1793 307 2274 961 1011 532 4953 8751 1807 812 378 3455 431 1606 464 2214 2858 9896 6539 3428 2207 5101 6086 2950 2313 568 2020 5754 630 3563 1718 4810 3119 7461 5395 3532 2810 7387 973 2862 724 2453 1136 3447 563 430 1099 4172 492 1404 1167 7832 2175 4070 4100 1705 8635 3639
95 5554 429 134 1564 5725 742 8094 3199 5442 2744 1161 457 1124 4157 9039 4413 520 8243 7081 7173 2216 311 1198 5616 2526 474 1861 3769 2820 997 2017 1068 2143 3121 876 652 813 713 3981 3359 1620 753 9652 1661 1753 2923 3243 2843 1216 1389 3228 7003
37 5526 1315 681 4102 496 927 1256 5429 4371 5862 999 232 3497 263 1222 749 362 7048 3102 1027 385 3410 7984 4848 9551 1095 2430 1224 2651 1096 2073 8703 1031 2147 1546 2930 8702 8660 3054 1921 885 642 9542 4167 712 1772 1286 672 7557 2688 3140 6051 4688 6787 5084 8360 4919 931 3069 2491 7607 564 723 886 5329 8044 3016 3003 1446 1080 1233 989
53 252 1077 665 899 609 6369 534 1571 6035 4813 6126 4040 254 1894 286 2067 1704 6092 1296 7712 1478 1313 360 803 418 8309 551 2205 9927 982 860 490 1277 2844 807 2052 2218 9351 2809 2249 4478 4568 6045 1902 1436 1097 839 898 688 1228 3395 4335 1378 2337 2419 7862
55 199 900 166 3110 1334 152 6887 1184 187 146 2486 175 2112 1283 4148 4364 172 339 594 130 189 4301 1408 1194 265 7293 264 1437 274 5603 444 194 246 1223 1344 247 602 1587 374 402 6986 5051 1691 314 296 572 412 401 952 4650 978 512 278 1558 481 2420 8147 1627 5876 2847 3057
61 9305 408 1352 191 574 1643 213 226 3211 2976 323 351 2158 3768 2649 2941 984 478 2552 2145 6769 7672 2697 795 5751 738 1547 9584 2014 5055 2705 958 7837 623 507 2410 1305 858 3537 2787 575 1368 844 1556 8672 7291 6180
72 1384 2433 9559 789 6082 475 4594 890 2859 1300 543 5721 1442 428 2261 1215 5038 1231 3642 5845 705 863 5205 1566 1600 2132 7791 1872 1347 8965 7155 1851 1035 8152 1828 1049 2592 3350 8168 4865 3231 2322 1299 2092 9722 1177 798 3596 6518 3415 7018
82 621 2282 707 841 843 1541 9543 644 1628 7677 508 1274 1303 2047 2967 578 438 6097 5664 645 3493 8938 9127 565 787 5063 2222 3502 1937 2812 3471 8643 2739 1100 5253 1738 1596 2427 2918 1118 6037 7253 4770 5914 2657 1466 1866 3021 1278 6017 4597 3697
86 708 145 117 7055 211 80 267 1591 100 277 595 476 715 879 227 480 133 154 185 3182 203 4500 271 275 4281 599 261 1468 269 829 5851 598 2088 1153 538 1702 1017 230 9957 192 345 1601 726 308 4089 1757 509 669 8955 1294 2577 239 4869 6087 5773 441
97 5381 5276 679 4142 2889 1395 6102 4266 335 395 167 384 190 9691 353 241 334 2126 497 297 734 493 9630 822 312 469 1135 635 4403 2653 1210 5582 559 1777 2837 7727 697 3858 5668 9593 3304 770 3251 744 5778 1868 530 2245 3295 1621 2180
20 907 8402 1225 1771 7347 5448 2298 3172 7454 2849 3270 4225 9519 506 4606 1121 3533 640 1169 2150 2378 732 6373 7966 4067 5887 1678 1364 3052 3866 3907 8911 3346 5406 3100 5158 1742 6362 7069 1257 4408 8292 7433 5514 2100 1045 4858 8947 3286 4662 1212 8382 7092 2703 6876 8969 2979 3883 6621 3604 3938 2664 4689 7520
26 624 168 210 4497 805 461 4090 258 1850 1019 5974 2114 449 526 702 660 237 1967 1218 502 336 1736 522 1936 1420 1333 882 2288 993 1349 9710 4704 3038 488 2330 547 3194 1843 675 5041 3317 3358 1996 3586 657 7687 2338 3348
36 1783 8931 7437 701 6137 2845 3221 1206 4156 2447 3374 5712 2456 7418 7759 1817 2271 9639 1029 1508 1481 7244 1238 2715 3680 1444 4804 1797 2326 6022 4605 937 3934 1698 8469 9521 6467 3718 4530 9162 5595 8058
64 542 6165 1638 2238 358 962 778 1005 6290 4342 6767 3032 969 379 1732 3520 3369 2919 1988 1360 6543 3853 706 794 8270 7444 2241 4938 3242 7589 5840 4448 4828 4645 9665 5954 1509 3862 1758 3775 1021 5355 5451 6753 2195 3813 8735 8271 6961 9017 1848 7866 7986
93 1951 3706 3600 3700 7658 4994 842 9888 4350 6644 1370 2509 8802 1269 1273 8116 4852 7414 2285 3284 6131 3494 5760 6558 3525 5336 1109 2497 4482 2355 7303 3943 1686 3387 4533 5361 8380 2181 1421 5600 3581 9294 2399 6392 9183 1525 8787 9817 8465 7091
3 3097 9138 3160 2258 4430 6163 809 1549 8466 5286 1456 5848 7977 3045 853 7776 1602 8733 8801 5872 3281 2696 1577 768 1467 8332 6745 5463 1776 6702 6166 2265 7342 5675 1603 1267 4098 3180 2220 3444 1064 932 2942 7975 759 1779 3034 3478 5519 8948
31 554 132 1734 128 173 596 298 5091 1106 141 2504 735 2196 881 776 6141 291 511 215 687 208 419 1989 302 4397 1159 3676 499 1593 903 8707 756 651 6572 590 1674 405 8219 1528 354 985 722 399 2106 964 855 2872 4487 2185 4982 3870
68 1714 612 517 279 1428 7850 324 2973 786 7895 533 5667 2523 2487 2162 668 3293 9832 6001 4277 4130 765 9946 1407 1202 7307 8241 1465 2152 5999 2262 1803 1037 2206 1469 1825 3618 2275 9360 3999 6359 6744 2164 1688 5175 6747 8267 960 2585 7064 2090 8365 5789
77 3411 2933 7636 3179 1455 3603 9037 7822 9840 2362 6292 7575 8040 9562 6589 9669 2346 6068 4959 4524 3425 5415 6824 6029 2517 6294 3109 9890 5334 7078 9097 9794 9317 5797 4334 3765 3012 9073 5130 7728 7170 4052 8345 2896 4950 2901 2648 2026
84 1737 229 6049 4347 204 129 289 116 127 455 305 3008 2612 3543 9047 647 188 3424 4291 321 515 1312 4432 1745 933 3142 2701 222 347 182 2785 440 614 3621 1078 1251 5182 1236 1227 6930 1275 3412 338 4063 1258 3222 7959 295 589 1186 1244 3561 1725 1180 535 7042
21 107 7242 1554 325 3158 310 878 4247 403 1152 1350 281 1332 4799 386 2296 341 1128 1981 616 3880 1723 392 486 1260 292 1098 2000 1292 6115 845 463 1445 887 721 276 2740 1087 1743 1540 3082 1729 3262 683 1147 730 5843 2049 7382 2709
24 426 104 1151 284 388 2492 2168 8992 536 7086 746 7373 871 6018 4672 539 1187 1629 2079 579 1871 906 1038 3416 3022 1762 1325 2293 3448 5910 804 1477 4048 8114 942 1066 3235 1806 1840 8019 9768 3006 692 8226 2943 5497 1900 1786 828 9382 9732 9081 6134 2044 3741 2652 4131 9915
39 5895 7104 615 1520 9611 1197 5480 4302 3114 5391 6962 2853 2416 7597 1854 9208 6042 1497 5705 3623 3751 1101 1747 2125 1821 1810 1555 2811 1460 7593 7108 5270 1138 5359 1746 1744 1739 2387 8316 6058 6691 9420 4028 8184
45 120 121 6729 45 135 410 309 243 79 332 162 142 156 1881 171 782 93 255 151 1412 1510 225 181 1001 363 4226 5200 414 357 248 397 202 2136 1195 1112 1000 2170 861 340 315 448 613 946 337 584 4421 5936
50 1482 2513 233 500 1376 634 817 2292 1599 627 6502 366 1232 592 5626 3443 3246 4532 2477 3065 1645 8438 5309 6224 3363 1091 4974 833 834 4094 1814 3391 1391 1154 7600 3162 7354 8839 1328 5882 5443 6523 9346 4309 838 5791 4096 2087 6582
56 948 880 160 250 868 350 1457 4514 4255 888 1063 2451 2746 9225 3794 1074 586 950 3500 3698 6565 2650 1069 2960 1935 854 780 816 2268 1309 1787 7499 1280 8349
99 501 637 2478 7234 113 503 454 531 406 1023 447 313 1521 319 1530 785 4589 1550 608 525 793 891 1612 4258 2721 6385 1853 326 767 1163 3863 4818 1209 1245 4035 7085 4947 7869 1648 4493 1863 6571 953 3582 8719
1 940 2045 928 4607 949 600 8015 6378 4343 3912 2908 3289 5534 4460 893 2670 8076 2232 6915 1185 2978 2215 5046 2428 9356 2531 1579 3400 2340 5136 1338 1377 6422 2873 2571 3626 3223 6934 3580 2556 9478 9538 4630 3961 5311 2840
11 372 1183 216 519 272 1429 150 1575 902 825 364 7559 670 306 548 810 699 667 2852 2104 3661 1991 1953 870 2759 5516 5555 693 792 664 2956 2029 3224 8138 945 7546 2668 2948 4289
43 1876 1513 2171 2480 7337 1912 1311 4805 1144 5029 4152 826 6848 5020 4742 4373 2025 5390 4526 5653 2160 4538 9271 1416 6043 1889 1129 2708 5763 6735 2507 6964 5269 3403 1208 874 1397 4726 6655 3662 8706
76 3849 3992 6402 3398 3379 421 8095 495 5313 717 3071 6288 3279 2684 3408 710 691 1046 1836 3887 714 1498 851 5615 3323 1160 5565 5141 4917 9421 4741 6178 1687 4061 2446 8988 3060 6174 736 2980 819 7226 3498 4941 2405 4374 2601 7922 7742 2082 1511 9167 1372 5805 8834
0 2076 2899 1137 935 1494 1242 4829 610 7707 6160 5278 558 2977 1143 1462 7367 2074 6266 2246 2108 1040 8549 7266 6573 905 7245 2622 2555 8381 2209 3508 4479 8461 1422 5469 2718 3068 2426 8654 1405 1741 5905 9035 8789
32 549 577 757 3489 420 505 622 975 527 1051 791 521 2033 4791 2819 1414 2965 1125 743 1140 1973 1009 8993 1459 7708 3458 5801 2882 1663 4646 4299 1544 3338 8492
87 2757 3299 6452 9086 643 1841 2334 4985 2085 698 5605 562 3201 3890 3002 1532 4436 2078 1795 2010 4009 7371 7827 1727 3330 8295 5803 2364 2064 5769 3499 4761 8131 8860 4545 2498 2986 2080 3406 2864
92 1958 1583 1799 611 1673 752 2191 774 6831 2372 1039 1123 3924 7481 2475 2958 7971 5507 1501 3879 2123 2439 3903 5707 3856 9199 4797 3595 5931 5708 5326 7734 3044 6847 3028 1715 2720 3915 5951 2914
6 1502 1310 869 280 96 2371 83 655 137 99 1476 459 4881 387 177 663 153 251 349 294 1321 4336 328 5634 1221 2431 514 628 1651 368 926 1613 3066 689 529 2886 3131 1088 1250 802 2360 2824 1640
12 2148 728 390 346 7929 367 200 1401 992 1298 910 1204 3635 413 884 427 394 1084 2226 573 2159 904 790 7037 1229 6062 9246 1791 1082 3392 9322 2682 2007 781 2961 8322 1226 1410 2529 1199 3233
47 587 344 6684 2190 673 1304 1778 4738 1461 1249 2791 685 3659 1680 1431 3041 1235 618 2413 2403 3067 8429 2188 740 1085 1689 3420 2762 2706 4909 2770 7773 5874 6147 2358 2471 2391 6534
54 451 180 424 398 288 393 561 234 4656 5011 954 2316 1330 283 1272 773 380 678 830 1489 4787 918 2666 4372 2380 3141 1449 9146 2816 1337 3689 3564 2325 799 4837 588 8614 1568 1265 889 3315
7 195 1452 383 2169 1447 462 1805 1896 435 2768 2735 1189 555 1959 1754 606 1103 1496 1985 796 677 1079 7508 3203 1010 9425 1770 1570 1438 875 1081 1979 894 8677 4673 3935 1105 3089 4923
13 1271 2464 3196 2663 9677 3964 2794 9205 2603 3889 1156 2947 2494 3254 3096 3535 1913 1499 6952 1708 986 1865 3256 5357 6227 6588 4699 2988 3083 2315 7022
23 1119 3839 763 1450 452 1927 1351 479 633 2072 923 3126 1279 1190 3257 2202 591 1042 2479 4081 2295 1801 4195 9430 9470 6830 3571 1672 2638 4705 930 2736
57 3975 484 196 566 3831 259 2348 2359 369 7325 567 2142 260 7918 1877 2633 2173 1336 719 963 1217 1044 1107 988 1755 3117 2193 5195 4241 2590 5160 2887 2363 6924 4044 4850 5580 9311 3953
66 7674 1413 4814 2610 1201 8012 4696 4872 4744 1418 2139 711 1567 1345 1371 1615 5998 1164 4018 947 3513 1623 956 7868 1592 5147 1323 6946 771 1997 2710 2093 1616 5302 1901 3486 7007
78 654 1925 4834 9301 5558 8374 1158 2981 6515 6575 518 3407 682 3195 3804 987 5819 1890 5878 1281 3210 1832 9786 6514 4025 6854 7995 4452 4878 5421 5566 3014 2004 2221 883 1726 2227 7797 1950 3931
19 1524 3046 764 929 1548 1072 556 9053 8933 1829 1942 2041 1230 3302 8488 4137 3797 6736 1709 4483 3171 4196 1588 832 3949 2916 1658 3426 9391 6726 2883 2235 2077 9831 4310
5 1173 650 747 716 537 965 3878 1590 2627 1357 1390 2056 1192 4314 9447 7915 656 9947 8480 7176 4400 1014 3504 1024 6812 3927 3161 2091 3597 4790 1517 9285 2002 4242 8770 2769 8407 4435 1573 3970 3958 8819 6837
40 972 755 676 453 865 8835 4849 695 2442 1880 2005 2027 1255 1053 1784 2566 1837 1146 3098 1561 1047 3000 2254 7635 4282 748 7217 5609
98 1090 5394 2039 6201 1006 808 4337 3351 1487 2008 2395 649 3955 2972 4995 9567 4581 2250 6405 9782 1166 4734 5960 5275 3917 8342 9155 3056 1846 1329 1188 2728 4370 3929 2051 2224 6959
29 2955 727 223 1697 966 437 760 2983 3764 1149 2300 1127 4133 6992 1534 4417 1908 4539 5557 1545 5312 1015 2975 8491 1367 4632 3528 6817 3881 6281 2619 1811 2233 5583 8520 8430
71 983 5447 2219 1266 3941 1288 2959 1102 1239 3843 1664 2309 5620 4552 4245 4964 2745 4047 3969 1362 4184 2860 2992 6449 3633 4908 3193
96 2818 197 249 2003 1766 4288 824 219 2240 6222 450 7151 661 1417 3397 1361 1339 467 504 3378 1316 5720 6783 1526 1903 2525 3094 2099 6376 6951 2702 2560 6243 4914 2547 2065 3860 1116 2732 2312 1175 2424 924 9592 7375 1435 8388
59 1728 4913 2783 8149 2485 5376 2094 4629 4477 3574 4984 5561 1968 2155 8890 2223 5902 7458 2737 9903 5908 1375 2204 3817 7497 2689 8688 7238 4313 4940 6327 6024 9359 3101 3652
83 859 266 4178 4273 998 2654 6005 7315 779 1857 1823 1635 4238 1130 8123 1932 1595 3730 9649 5511 1515 1162 8272 1934 1013 2609 7275 8864 6111 2748 1827 1706 4046 3175 4455
88 4171 2212 1859 9358 955 2674 1426 4575 9299 2939 3318 2411 6371 4920 2124 2001 4772 2423 8307 3819 3761 3753 8401 1075 4300 3704 2257 1683 7532 7492 9701 8146 6649 7294 4684 4219 3888
9 468 163 201 4390 1093 458 6718 359 1398 544 470 938 540 1878 674 911 3024 912 7878 2730 4308 1949 2053 5349 2024 7401 1318 5641 2562 1782 4880 2925 5779 2178 7341 6304 1860 4565 2397 5450
48 545 703 4103 2138 1812 8355 483 2593 934 2319 1869 936 2450 1986 1054 3349 7569 1394 3825 2842 1906 2920 1062 1402 1675 1653 5728 3516 3423 8543 7090 1815 6267 1191 9467
63 7892 3025 8897 8200 466 3991 976 6730 7809 6486 856 4817 4636 8541 3782 1314 5559 3240 2804 5579 9990 7121 1560 2690 3456 9616 5699 3004 6259 3112 2013 4139 6524 2437 2921 4325 2122 2949 5162 3711 2042 2636 2738
90 1052 638 4613 425 4551 3977 1008 7709 1016 1363 6059 1034 1427 3790 7718 2681 9713 4164 4360 4358 8030 2954 5221 1752 818 570 4410 7970 3190 3070 1767 9749 1992 7304 8364 4615 2239 4207 2931 1557
79 371 238 498 2533 1516 1041 1883 980 3332 3983 5069 1415 6450 3215 897 3011 1205 8055 9892 3526 1576 5241 1642 2127 1875 4122 2929 1193 3632 8790 1050 1120 3303 6630 3577 4060
62 2445 1503 3429 3232 1586 9634 5284 5210 8739 1383 2712 2743 9459 5702 3234 3913 5154 1693 3682 4088 3419 5249 4138 3260 4540 1974 974 4793 6841 7399 7710 6401 5226 6460
81 355 662 524 235 159 179 282 1324 270 165 209 304 169 831 994 3631 1750 700 460 2604 775 1126 823 2500 772 2922 846 6462 1424 576 1990 801 3549 5483 7691
10 1667 318 2871 4609 1483 2905 1707 473 560 4210 718 761 1253 1963 617 1282 2345 2432 9469 2628 3143 1660 1354 4106 620 3268 1419 3170 2308 3673 9803 1317 1533 3030 3995
30 1610 625 2385 4801 7408 2563 1933 2698 1904 1356 3895 2166 4659 2460 1170 9837 7854 2167 5686 1774 2156 8875 1983 8740 4929 920 2455 5167 7852 4622 1392 9338 1060 4491 2932 3360 2647 5545 3722
46 777 3264 1155 1692 729 1972 8929 1463 1076 5402 4686 9731 5374 6181 925 1775 1451 1694 8160 1944 1993 1003 3677 1111 9902 5970 4750 5494 4755 1696 1237 9021 1731 3249 4194 8177 1928 6366 9548
85 1319 1909 4558 2144 1302 6501 4854 8100 4459 4781 7732 6475 2105 7876 3036 5576 3569 2409 1406 2199 5715 8616 939 3886 3492 7671 5296 8713 8629 1855 913 6568 2165
17 5893 5108 1396 959 2342 1433 1710 2133 1563 1574 941 3306 4680 2021 5218 2333 1882 2512 7842 5413 6879 2761 4572 4577 4915 1898 7482 4536 5339 6672
28 1917 653 1665 1026 4104 1150 1788 2048 2356 6481 1142 1538 4596 2576 1886 6785 5794 827 4425 1165 2516 3773 7378 2968 1931 6424 5305 8315 5924 4111 3125 2272 9897 3148 1813
42 800 5973 7360 1386 943 3585 3624 1393 1789 8853 1441 1964 4736 4676 4379 5434 5255 908 1373 5772 9716 4624 3686 690 6050 2514 4186 2400 4498 9175 6828 3019 1018 9823 6532 2392 3124 6939 3988 4251 7530 4925
65 432 8761 396 434 1385 220 217 546 1491 967 1108 4725 835 9464 1922 2200 580 2805 4200 3095 9868 2508 3033 5161 2286 5945 9206 5412 6158 5564 4610 4319 2784 1542 7993 7591 9512
75 8734 2616 174 489 2448 1073 445 557 1071 1032 1582 1800 2551 1178 1670 1874 5388 3608 9574 4712 4546 1938 1637 1594 3573 2436 4006 9906 5132 3475
25 4724 1490 2587 8489 4722 5553 2398 7322 5637 2255 4160 2542 1234 6015 6642 6813 1893 6434 3394 9511 4377 3900 5842 2541 1839 6536 3729 7250
74 3759 446 242 4221 4429 582 1036 1346 2624 5633 811 1622 991 7112 6593 1182 5346 4427 1439 1539 7392 3616 2550 1818 2277 1382 1366 1887 9128 2797 917 3479 5804
41 382 516 1168 262 3884 491 4728 1058 1262 6265 5277 3135 1493 1211 1213 1148 5982 2388 1763 3575 9678 2634 2344 3551 4253 9218 5724 1824 8183 2836 2151 2119 3568
60 212 1131 433 3319 1607 951 758 4625 5817 1179 6307 3001 2089 2831 5299 6786 8056 6689 5552 2629 3388 5144 6063 5427 3505 1115 1247 4181 2203 6228
94 820 1289 4549 9793 5014 2729 9977 2878 5971 5251 9204 2055 2071 5304 9009 3871 4949 5066 8066 4235 1873 5864 3430 4857 8389 2217 7981 1740 3345 2892 4165 4998 8728
34 2713 391 6577 5850 1884 862 541 7279 1007 2248 892 2070 2469 1359 1891 6755 4619 2081 6762 2096 3852 7509 7605 8806 2184 3814 4776 7867 2661 3869 3364 1647 4667 6411 6971
18 2036 2854 6440 2128 1960 3572 2662 9883 5788 5533 3059 9010 2782 2154 2117 3258 741 6658 4275 2157 2306 7747 7243 2289 5489 3206
49 1671 186 970 996 1061 766 895 3229 4276 9353 4331 2665 8287 1856 8297 1569 8324 1500 1978 2311 7816 6705 1264 2373 1852 1145 5512 3567 1504 7167 2284
69 1759 6599 2734 2594 2865 3710 4824 2037 5844 3832 1792 3688 2589 1514 4517 8474 1965 3164 6580 1749 4916 9040 5538 2716 4585 3287 6703 9269 9231 6615 2767
70 626 666 1113 1295 5264 1486 2121 607 1203 2035 9372 6981 6021 1537 7357 9098 5539 5601 2415 3979 2247 4129 2012 4674 1059 3414 2765 5385 2236 7692 5465
44 370 1826 7594 1002 6169 1379 1246 4127 4150 2050 4223 2568 2884 1458 4844 1527 7905 2970 4981 6682 2813 1655 1473 1722 3712 2287 7355
52 3783 2066 2327 1139 9211 5920 5859 1605 1849 5681 1822 6620 3997 5019 5287 6246 7590 9681 3337 7451 5863 4366 9013 7345 4476 8906 1867 5782 3663 7231 2546
16 4968 2751 5222 1995 2832 1748 3950 4612 5617 1133 3715 8699 4362 5484 3009 6031 1056 7859 5021 4227 9759 4214 6009 6261 4621 8427 4311 5371 2467 2141
4 7287 5196 1956 2894 6913 8901 3380 3743 3699 1254 2476 2501 2790 1624 2493 4191 1181 5585 3151 7893 8206 1326 6707 1341 2545 2365 9908 2631 5853
91 2452 3450 3937 7818 5193 2349 1474 5885 6352 6912 7792 9355 3079 1488 1879 2522 2974 3643 3488 5865 7038 3511 5549 3891 1293 9043 7223
14 1104 1641 4034 6274 7884 3255 3127 7460 1092 5912 9675 6463 2815 2366 4218 5310 1618 9549 2234 2407 2278 9718 2808 8918 2569 4976 4556 3376 2406 2023 8225
38 416 8567 7924 2611 4032 3490 4361 4340 3446 3252 6348 3646 5597 5916 2913 4683 7209 3013 6155 5298 9828 4016 9557 4378 2097 9613 2131 9864
35 8973 4710 1885 5823 6932 1443 9952 2518 9798 6229 5527 5532 3278 1899 1335 2083 4639 6552 4729 9861 1619 4604 1261 4599 2251 6652
51 5501 2826 6877 2613 7694 4946 4433 9234 6310 1492 3634 8783 8132 6410 1631 5542 3023 5234 5977 1565 2795 2470 2266 3088 3027 3173 2488 2694 2341 4942 4614 3487 5812 1657 9986
